{"/Users/hwaiting_dk/Repos/distributed-task-scheduler/Server/jest.config.js": {"path":"/Users/hwaiting_dk/Repos/distributed-task-scheduler/Server/jest.config.js","statementMap":{"0":{"start":{"line":1,"column":0},"end":{"line":15,"column":2}}},"fnMap":{},"branchMap":{},"s":{"0":0},"f":{},"b":{}}
,"/Users/hwaiting_dk/Repos/distributed-task-scheduler/Server/api/server.js": {"path":"/Users/hwaiting_dk/Repos/distributed-task-scheduler/Server/api/server.js","statementMap":{"0":{"start":{"line":1,"column":16},"end":{"line":1,"column":34}},"1":{"start":{"line":2,"column":13},"end":{"line":2,"column":28}},"2":{"start":{"line":3,"column":15},"end":{"line":3,"column":42}},"3":{"start":{"line":4,"column":15},"end":{"line":4,"column":42}},"4":{"start":{"line":5,"column":22},"end":{"line":5,"column":57}},"5":{"start":{"line":6,"column":21},"end":{"line":6,"column":59}},"6":{"start":{"line":9,"column":18},"end":{"line":9,"column":49}},"7":{"start":{"line":10,"column":21},"end":{"line":10,"column":54}},"8":{"start":{"line":11,"column":21},"end":{"line":11,"column":55}},"9":{"start":{"line":12,"column":21},"end":{"line":12,"column":54}},"10":{"start":{"line":13,"column":20},"end":{"line":13,"column":52}},"11":{"start":{"line":15,"column":12},"end":{"line":15,"column":21}},"12":{"start":{"line":18,"column":0},"end":{"line":18,"column":16}},"13":{"start":{"line":19,"column":0},"end":{"line":19,"column":24}},"14":{"start":{"line":20,"column":0},"end":{"line":20,"column":23}},"15":{"start":{"line":23,"column":0},"end":{"line":23,"column":33}},"16":{"start":{"line":24,"column":0},"end":{"line":24,"column":29}},"17":{"start":{"line":25,"column":0},"end":{"line":25,"column":34}},"18":{"start":{"line":26,"column":0},"end":{"line":26,"column":33}},"19":{"start":{"line":27,"column":0},"end":{"line":27,"column":31}},"20":{"start":{"line":30,"column":0},"end":{"line":30,"column":22}},"21":{"start":{"line":33,"column":0},"end":{"line":37,"column":1}},"22":{"start":{"line":34,"column":4},"end":{"line":36,"column":7}},"23":{"start":{"line":35,"column":8},"end":{"line":35,"column":73}},"24":{"start":{"line":39,"column":0},"end":{"line":39,"column":21}}},"fnMap":{"0":{"name":"(anonymous_0)","decl":{"start":{"line":34,"column":35},"end":{"line":34,"column":36}},"loc":{"start":{"line":34,"column":41},"end":{"line":36,"column":5}},"line":34}},"branchMap":{"0":{"loc":{"start":{"line":33,"column":0},"end":{"line":37,"column":1}},"type":"if","locations":[{"start":{"line":33,"column":0},"end":{"line":37,"column":1}},{"start":{},"end":{}}],"line":33}},"s":{"0":0,"1":0,"2":0,"3":0,"4":0,"5":0,"6":0,"7":0,"8":0,"9":0,"10":0,"11":0,"12":0,"13":0,"14":0,"15":0,"16":0,"17":0,"18":0,"19":0,"20":0,"21":0,"22":0,"23":0,"24":0},"f":{"0":0},"b":{"0":[0,0]}}
,"/Users/hwaiting_dk/Repos/distributed-task-scheduler/Server/api/controllers/admin.controller.js": {"path":"/Users/hwaiting_dk/Repos/distributed-task-scheduler/Server/api/controllers/admin.controller.js","statementMap":{"0":{"start":{"line":1,"column":15},"end":{"line":1,"column":45}},"1":{"start":{"line":2,"column":19},"end":{"line":2,"column":72}},"2":{"start":{"line":3,"column":22},"end":{"line":3,"column":73}},"3":{"start":{"line":4,"column":19},"end":{"line":4,"column":69}},"4":{"start":{"line":10,"column":24},"end":{"line":25,"column":1}},"5":{"start":{"line":11,"column":4},"end":{"line":24,"column":5}},"6":{"start":{"line":12,"column":8},"end":{"line":12,"column":56}},"7":{"start":{"line":14,"column":8},"end":{"line":14,"column":27}},"8":{"start":{"line":15,"column":8},"end":{"line":15,"column":30}},"9":{"start":{"line":16,"column":8},"end":{"line":16,"column":27}},"10":{"start":{"line":18,"column":8},"end":{"line":21,"column":11}},"11":{"start":{"line":23,"column":8},"end":{"line":23,"column":20}},"12":{"start":{"line":31,"column":25},"end":{"line":46,"column":1}},"13":{"start":{"line":32,"column":4},"end":{"line":45,"column":5}},"14":{"start":{"line":33,"column":8},"end":{"line":33,"column":57}},"15":{"start":{"line":35,"column":8},"end":{"line":35,"column":26}},"16":{"start":{"line":36,"column":8},"end":{"line":36,"column":29}},"17":{"start":{"line":37,"column":8},"end":{"line":37,"column":26}},"18":{"start":{"line":39,"column":8},"end":{"line":42,"column":11}},"19":{"start":{"line":44,"column":8},"end":{"line":44,"column":20}},"20":{"start":{"line":52,"column":19},"end":{"line":63,"column":1}},"21":{"start":{"line":53,"column":4},"end":{"line":62,"column":5}},"22":{"start":{"line":54,"column":8},"end":{"line":54,"column":118}},"23":{"start":{"line":56,"column":8},"end":{"line":59,"column":11}},"24":{"start":{"line":61,"column":8},"end":{"line":61,"column":20}},"25":{"start":{"line":69,"column":19},"end":{"line":80,"column":1}},"26":{"start":{"line":70,"column":4},"end":{"line":79,"column":5}},"27":{"start":{"line":71,"column":8},"end":{"line":71,"column":104}},"28":{"start":{"line":73,"column":8},"end":{"line":76,"column":11}},"29":{"start":{"line":78,"column":8},"end":{"line":78,"column":20}},"30":{"start":{"line":86,"column":19},"end":{"line":106,"column":1}},"31":{"start":{"line":87,"column":4},"end":{"line":105,"column":5}},"32":{"start":{"line":88,"column":37},"end":{"line":88,"column":45}},"33":{"start":{"line":90,"column":8},"end":{"line":90,"column":72}},"34":{"start":{"line":92,"column":8},"end":{"line":92,"column":26}},"35":{"start":{"line":94,"column":8},"end":{"line":97,"column":21}},"36":{"start":{"line":95,"column":12},"end":{"line":95,"column":64}},"37":{"start":{"line":96,"column":12},"end":{"line":96,"column":31}},"38":{"start":{"line":99,"column":8},"end":{"line":102,"column":11}},"39":{"start":{"line":104,"column":8},"end":{"line":104,"column":20}},"40":{"start":{"line":112,"column":20},"end":{"line":124,"column":1}},"41":{"start":{"line":113,"column":4},"end":{"line":123,"column":5}},"42":{"start":{"line":114,"column":26},"end":{"line":114,"column":69}},"43":{"start":{"line":115,"column":25},"end":{"line":115,"column":57}},"44":{"start":{"line":117,"column":8},"end":{"line":120,"column":11}},"45":{"start":{"line":122,"column":8},"end":{"line":122,"column":20}},"46":{"start":{"line":130,"column":21},"end":{"line":151,"column":1}},"47":{"start":{"line":131,"column":4},"end":{"line":150,"column":5}},"48":{"start":{"line":132,"column":23},"end":{"line":132,"column":33}},"49":{"start":{"line":133,"column":27},"end":{"line":133,"column":77}},"50":{"start":{"line":135,"column":24},"end":{"line":135,"column":57}},"51":{"start":{"line":137,"column":8},"end":{"line":147,"column":9}},"52":{"start":{"line":138,"column":12},"end":{"line":141,"column":15}},"53":{"start":{"line":143,"column":12},"end":{"line":146,"column":15}},"54":{"start":{"line":149,"column":8},"end":{"line":149,"column":20}},"55":{"start":{"line":157,"column":19},"end":{"line":171,"column":1}},"56":{"start":{"line":158,"column":4},"end":{"line":170,"column":5}},"57":{"start":{"line":159,"column":39},"end":{"line":159,"column":47}},"58":{"start":{"line":160,"column":27},"end":{"line":160,"column":77}},"59":{"start":{"line":162,"column":8},"end":{"line":162,"column":56}},"60":{"start":{"line":164,"column":8},"end":{"line":167,"column":11}},"61":{"start":{"line":169,"column":8},"end":{"line":169,"column":20}},"62":{"start":{"line":173,"column":0},"end":{"line":182,"column":2}}},"fnMap":{"0":{"name":"(anonymous_0)","decl":{"start":{"line":10,"column":24},"end":{"line":10,"column":25}},"loc":{"start":{"line":10,"column":50},"end":{"line":25,"column":1}},"line":10},"1":{"name":"(anonymous_1)","decl":{"start":{"line":31,"column":25},"end":{"line":31,"column":26}},"loc":{"start":{"line":31,"column":51},"end":{"line":46,"column":1}},"line":31},"2":{"name":"(anonymous_2)","decl":{"start":{"line":52,"column":19},"end":{"line":52,"column":20}},"loc":{"start":{"line":52,"column":45},"end":{"line":63,"column":1}},"line":52},"3":{"name":"(anonymous_3)","decl":{"start":{"line":69,"column":19},"end":{"line":69,"column":20}},"loc":{"start":{"line":69,"column":45},"end":{"line":80,"column":1}},"line":69},"4":{"name":"(anonymous_4)","decl":{"start":{"line":86,"column":19},"end":{"line":86,"column":20}},"loc":{"start":{"line":86,"column":45},"end":{"line":106,"column":1}},"line":86},"5":{"name":"(anonymous_5)","decl":{"start":{"line":94,"column":19},"end":{"line":94,"column":20}},"loc":{"start":{"line":94,"column":25},"end":{"line":97,"column":9}},"line":94},"6":{"name":"(anonymous_6)","decl":{"start":{"line":112,"column":20},"end":{"line":112,"column":21}},"loc":{"start":{"line":112,"column":46},"end":{"line":124,"column":1}},"line":112},"7":{"name":"(anonymous_7)","decl":{"start":{"line":130,"column":21},"end":{"line":130,"column":22}},"loc":{"start":{"line":130,"column":47},"end":{"line":151,"column":1}},"line":130},"8":{"name":"(anonymous_8)","decl":{"start":{"line":157,"column":19},"end":{"line":157,"column":20}},"loc":{"start":{"line":157,"column":45},"end":{"line":171,"column":1}},"line":157}},"branchMap":{"0":{"loc":{"start":{"line":88,"column":16},"end":{"line":88,"column":32}},"type":"default-arg","locations":[{"start":{"line":88,"column":27},"end":{"line":88,"column":32}}],"line":88},"1":{"loc":{"start":{"line":137,"column":8},"end":{"line":147,"column":9}},"type":"if","locations":[{"start":{"line":137,"column":8},"end":{"line":147,"column":9}},{"start":{"line":142,"column":15},"end":{"line":147,"column":9}}],"line":137},"2":{"loc":{"start":{"line":159,"column":16},"end":{"line":159,"column":34}},"type":"default-arg","locations":[{"start":{"line":159,"column":32},"end":{"line":159,"column":34}}],"line":159}},"s":{"0":0,"1":0,"2":0,"3":0,"4":0,"5":0,"6":0,"7":0,"8":0,"9":0,"10":0,"11":0,"12":0,"13":0,"14":0,"15":0,"16":0,"17":0,"18":0,"19":0,"20":0,"21":0,"22":0,"23":0,"24":0,"25":0,"26":0,"27":0,"28":0,"29":0,"30":0,"31":0,"32":0,"33":0,"34":0,"35":0,"36":0,"37":0,"38":0,"39":0,"40":0,"41":0,"42":0,"43":0,"44":0,"45":0,"46":0,"47":0,"48":0,"49":0,"50":0,"51":0,"52":0,"53":0,"54":0,"55":0,"56":0,"57":0,"58":0,"59":0,"60":0,"61":0,"62":0},"f":{"0":0,"1":0,"2":0,"3":0,"4":0,"5":0,"6":0,"7":0,"8":0},"b":{"0":[0],"1":[0,0],"2":[0]}}
,"/Users/hwaiting_dk/Repos/distributed-task-scheduler/Server/api/controllers/health.controller.js": {"path":"/Users/hwaiting_dk/Repos/distributed-task-scheduler/Server/api/controllers/health.controller.js","statementMap":{"0":{"start":{"line":1,"column":11},"end":{"line":1,"column":30}},"1":{"start":{"line":3,"column":20},"end":{"line":20,"column":1}},"2":{"start":{"line":4,"column":4},"end":{"line":19,"column":5}},"3":{"start":{"line":6,"column":8},"end":{"line":6,"column":35}},"4":{"start":{"line":8,"column":8},"end":{"line":12,"column":11}},"5":{"start":{"line":14,"column":8},"end":{"line":18,"column":11}},"6":{"start":{"line":22,"column":0},"end":{"line":24,"column":2}}},"fnMap":{"0":{"name":"(anonymous_0)","decl":{"start":{"line":3,"column":20},"end":{"line":3,"column":21}},"loc":{"start":{"line":3,"column":46},"end":{"line":20,"column":1}},"line":3}},"branchMap":{},"s":{"0":0,"1":0,"2":0,"3":0,"4":0,"5":0,"6":0},"f":{"0":0},"b":{}}
,"/Users/hwaiting_dk/Repos/distributed-task-scheduler/Server/api/controllers/jobs.controller.js": {"path":"/Users/hwaiting_dk/Repos/distributed-task-scheduler/Server/api/controllers/jobs.controller.js","statementMap":{"0":{"start":{"line":1,"column":18},"end":{"line":1,"column":61}},"1":{"start":{"line":2,"column":23},"end":{"line":2,"column":57}},"2":{"start":{"line":3,"column":16},"end":{"line":3,"column":50}},"3":{"start":{"line":4,"column":26},"end":{"line":4,"column":70}},"4":{"start":{"line":5,"column":11},"end":{"line":5,"column":30}},"5":{"start":{"line":7,"column":18},"end":{"line":30,"column":1}},"6":{"start":{"line":8,"column":4},"end":{"line":29,"column":5}},"7":{"start":{"line":9,"column":63},"end":{"line":9,"column":71}},"8":{"start":{"line":11,"column":36},"end":{"line":11,"column":66}},"9":{"start":{"line":13,"column":21},"end":{"line":19,"column":9}},"10":{"start":{"line":21,"column":28},"end":{"line":21,"column":60}},"11":{"start":{"line":23,"column":8},"end":{"line":26,"column":11}},"12":{"start":{"line":28,"column":8},"end":{"line":28,"column":20}},"13":{"start":{"line":32,"column":15},"end":{"line":54,"column":1}},"14":{"start":{"line":33,"column":4},"end":{"line":53,"column":5}},"15":{"start":{"line":34,"column":23},"end":{"line":34,"column":33}},"16":{"start":{"line":35,"column":21},"end":{"line":35,"column":52}},"17":{"start":{"line":37,"column":8},"end":{"line":39,"column":9}},"18":{"start":{"line":38,"column":12},"end":{"line":38,"column":68}},"19":{"start":{"line":42,"column":27},"end":{"line":42,"column":66}},"20":{"start":{"line":44,"column":8},"end":{"line":50,"column":11}},"21":{"start":{"line":52,"column":8},"end":{"line":52,"column":20}},"22":{"start":{"line":56,"column":17},"end":{"line":80,"column":1}},"23":{"start":{"line":57,"column":4},"end":{"line":79,"column":5}},"24":{"start":{"line":58,"column":39},"end":{"line":58,"column":48}},"25":{"start":{"line":60,"column":20},"end":{"line":60,"column":74}},"26":{"start":{"line":61,"column":23},"end":{"line":61,"column":25}},"27":{"start":{"line":63,"column":8},"end":{"line":66,"column":9}},"28":{"start":{"line":64,"column":12},"end":{"line":64,"column":42}},"29":{"start":{"line":65,"column":12},"end":{"line":65,"column":32}},"30":{"start":{"line":68,"column":8},"end":{"line":68,"column":75}},"31":{"start":{"line":69,"column":8},"end":{"line":69,"column":37}},"32":{"start":{"line":71,"column":23},"end":{"line":71,"column":52}},"33":{"start":{"line":73,"column":8},"end":{"line":76,"column":11}},"34":{"start":{"line":78,"column":8},"end":{"line":78,"column":20}},"35":{"start":{"line":82,"column":15},"end":{"line":108,"column":1}},"36":{"start":{"line":83,"column":4},"end":{"line":107,"column":5}},"37":{"start":{"line":84,"column":23},"end":{"line":84,"column":33}},"38":{"start":{"line":87,"column":22},"end":{"line":92,"column":9}},"39":{"start":{"line":94,"column":23},"end":{"line":94,"column":50}},"40":{"start":{"line":96,"column":8},"end":{"line":98,"column":9}},"41":{"start":{"line":97,"column":12},"end":{"line":97,"column":68}},"42":{"start":{"line":100,"column":8},"end":{"line":104,"column":11}},"43":{"start":{"line":106,"column":8},"end":{"line":106,"column":20}},"44":{"start":{"line":110,"column":0},"end":{"line":115,"column":2}}},"fnMap":{"0":{"name":"(anonymous_0)","decl":{"start":{"line":7,"column":18},"end":{"line":7,"column":19}},"loc":{"start":{"line":7,"column":44},"end":{"line":30,"column":1}},"line":7},"1":{"name":"(anonymous_1)","decl":{"start":{"line":32,"column":15},"end":{"line":32,"column":16}},"loc":{"start":{"line":32,"column":41},"end":{"line":54,"column":1}},"line":32},"2":{"name":"(anonymous_2)","decl":{"start":{"line":56,"column":17},"end":{"line":56,"column":18}},"loc":{"start":{"line":56,"column":43},"end":{"line":80,"column":1}},"line":56},"3":{"name":"(anonymous_3)","decl":{"start":{"line":82,"column":15},"end":{"line":82,"column":16}},"loc":{"start":{"line":82,"column":41},"end":{"line":108,"column":1}},"line":82}},"branchMap":{"0":{"loc":{"start":{"line":11,"column":36},"end":{"line":11,"column":66}},"type":"binary-expr","locations":[{"start":{"line":11,"column":36},"end":{"line":11,"column":50}},{"start":{"line":11,"column":54},"end":{"line":11,"column":66}}],"line":11},"1":{"loc":{"start":{"line":17,"column":25},"end":{"line":17,"column":68}},"type":"cond-expr","locations":[{"start":{"line":17,"column":39},"end":{"line":17,"column":60}},{"start":{"line":17,"column":63},"end":{"line":17,"column":68}}],"line":17},"2":{"loc":{"start":{"line":37,"column":8},"end":{"line":39,"column":9}},"type":"if","locations":[{"start":{"line":37,"column":8},"end":{"line":39,"column":9}},{"start":{},"end":{}}],"line":37},"3":{"loc":{"start":{"line":58,"column":24},"end":{"line":58,"column":34}},"type":"default-arg","locations":[{"start":{"line":58,"column":32},"end":{"line":58,"column":34}}],"line":58},"4":{"loc":{"start":{"line":63,"column":8},"end":{"line":66,"column":9}},"type":"if","locations":[{"start":{"line":63,"column":8},"end":{"line":66,"column":9}},{"start":{},"end":{}}],"line":63},"5":{"loc":{"start":{"line":96,"column":8},"end":{"line":98,"column":9}},"type":"if","locations":[{"start":{"line":96,"column":8},"end":{"line":98,"column":9}},{"start":{},"end":{}}],"line":96}},"s":{"0":0,"1":0,"2":0,"3":0,"4":0,"5":0,"6":0,"7":0,"8":0,"9":0,"10":0,"11":0,"12":0,"13":0,"14":0,"15":0,"16":0,"17":0,"18":0,"19":0,"20":0,"21":0,"22":0,"23":0,"24":0,"25":0,"26":0,"27":0,"28":0,"29":0,"30":0,"31":0,"32":0,"33":0,"34":0,"35":0,"36":0,"37":0,"38":0,"39":0,"40":0,"41":0,"42":0,"43":0,"44":0},"f":{"0":0,"1":0,"2":0,"3":0},"b":{"0":[0,0],"1":[0,0],"2":[0,0],"3":[0],"4":[0,0],"5":[0,0]}}
,"/Users/hwaiting_dk/Repos/distributed-task-scheduler/Server/api/controllers/system.controller.js": {"path":"/Users/hwaiting_dk/Repos/distributed-task-scheduler/Server/api/controllers/system.controller.js","statementMap":{"0":{"start":{"line":1,"column":15},"end":{"line":1,"column":45}},"1":{"start":{"line":2,"column":19},"end":{"line":2,"column":73}},"2":{"start":{"line":3,"column":19},"end":{"line":3,"column":53}},"3":{"start":{"line":4,"column":20},"end":{"line":4,"column":65}},"4":{"start":{"line":5,"column":11},"end":{"line":5,"column":30}},"5":{"start":{"line":11,"column":24},"end":{"line":90,"column":1}},"6":{"start":{"line":12,"column":4},"end":{"line":89,"column":5}},"7":{"start":{"line":14,"column":23},"end":{"line":14,"column":28}},"8":{"start":{"line":15,"column":8},"end":{"line":21,"column":9}},"9":{"start":{"line":16,"column":29},"end":{"line":16,"column":69}},"10":{"start":{"line":17,"column":27},"end":{"line":17,"column":50}},"11":{"start":{"line":18,"column":12},"end":{"line":18,"column":58}},"12":{"start":{"line":20,"column":12},"end":{"line":20,"column":66}},"13":{"start":{"line":24,"column":30},"end":{"line":24,"column":66}},"14":{"start":{"line":27,"column":25},"end":{"line":27,"column":26}},"15":{"start":{"line":28,"column":8},"end":{"line":33,"column":9}},"16":{"start":{"line":29,"column":32},"end":{"line":29,"column":66}},"17":{"start":{"line":30,"column":12},"end":{"line":30,"column":48}},"18":{"start":{"line":32,"column":12},"end":{"line":32,"column":58}},"19":{"start":{"line":36,"column":27},"end":{"line":36,"column":37}},"20":{"start":{"line":37,"column":8},"end":{"line":37,"column":40}},"21":{"start":{"line":39,"column":27},"end":{"line":47,"column":9}},"22":{"start":{"line":49,"column":28},"end":{"line":49,"column":68}},"23":{"start":{"line":50,"column":22},"end":{"line":50,"column":41}},"24":{"start":{"line":53,"column":25},"end":{"line":57,"column":9}},"25":{"start":{"line":58,"column":26},"end":{"line":58,"column":50}},"26":{"start":{"line":59,"column":28},"end":{"line":59,"column":75}},"27":{"start":{"line":61,"column":8},"end":{"line":86,"column":11}},"28":{"start":{"line":88,"column":8},"end":{"line":88,"column":20}},"29":{"start":{"line":92,"column":0},"end":{"line":94,"column":2}}},"fnMap":{"0":{"name":"(anonymous_0)","decl":{"start":{"line":11,"column":24},"end":{"line":11,"column":25}},"loc":{"start":{"line":11,"column":50},"end":{"line":90,"column":1}},"line":11}},"branchMap":{"0":{"loc":{"start":{"line":18,"column":23},"end":{"line":18,"column":57}},"type":"cond-expr","locations":[{"start":{"line":18,"column":32},"end":{"line":18,"column":49}},{"start":{"line":18,"column":52},"end":{"line":18,"column":57}}],"line":18},"1":{"loc":{"start":{"line":30,"column":25},"end":{"line":30,"column":47}},"type":"binary-expr","locations":[{"start":{"line":30,"column":25},"end":{"line":30,"column":42}},{"start":{"line":30,"column":46},"end":{"line":30,"column":47}}],"line":30},"2":{"loc":{"start":{"line":59,"column":39},"end":{"line":59,"column":74}},"type":"binary-expr","locations":[{"start":{"line":59,"column":39},"end":{"line":59,"column":69}},{"start":{"line":59,"column":73},"end":{"line":59,"column":74}}],"line":59},"3":{"loc":{"start":{"line":67,"column":30},"end":{"line":67,"column":48}},"type":"binary-expr","locations":[{"start":{"line":67,"column":30},"end":{"line":67,"column":38}},{"start":{"line":67,"column":42},"end":{"line":67,"column":48}}],"line":67},"4":{"loc":{"start":{"line":80,"column":31},"end":{"line":80,"column":57}},"type":"binary-expr","locations":[{"start":{"line":80,"column":31},"end":{"line":80,"column":52}},{"start":{"line":80,"column":56},"end":{"line":80,"column":57}}],"line":80},"5":{"loc":{"start":{"line":81,"column":34},"end":{"line":81,"column":62}},"type":"binary-expr","locations":[{"start":{"line":81,"column":34},"end":{"line":81,"column":57}},{"start":{"line":81,"column":61},"end":{"line":81,"column":62}}],"line":81},"6":{"loc":{"start":{"line":82,"column":33},"end":{"line":82,"column":60}},"type":"binary-expr","locations":[{"start":{"line":82,"column":33},"end":{"line":82,"column":55}},{"start":{"line":82,"column":59},"end":{"line":82,"column":60}}],"line":82},"7":{"loc":{"start":{"line":83,"column":34},"end":{"line":83,"column":68}},"type":"binary-expr","locations":[{"start":{"line":83,"column":34},"end":{"line":83,"column":63}},{"start":{"line":83,"column":67},"end":{"line":83,"column":68}}],"line":83}},"s":{"0":1,"1":1,"2":1,"3":1,"4":1,"5":1,"6":2,"7":2,"8":2,"9":2,"10":1,"11":1,"12":1,"13":2,"14":2,"15":2,"16":2,"17":2,"18":0,"19":2,"20":2,"21":2,"22":2,"23":2,"24":2,"25":2,"26":2,"27":2,"28":0,"29":1},"f":{"0":2},"b":{"0":[1,0],"1":[2,2],"2":[2,2],"3":[2,0],"4":[2,1],"5":[2,1],"6":[2,1],"7":[2,1]},"_coverageSchema":"1a1c01bbd47fc00a2c39e90264f33305004495a9","hash":"f12653ebd03afe85d18053dd576af14911939398"}
,"/Users/hwaiting_dk/Repos/distributed-task-scheduler/Server/api/controllers/workers.controller.js": {"path":"/Users/hwaiting_dk/Repos/distributed-task-scheduler/Server/api/controllers/workers.controller.js","statementMap":{"0":{"start":{"line":1,"column":11},"end":{"line":1,"column":30}},"1":{"start":{"line":3,"column":19},"end":{"line":15,"column":1}},"2":{"start":{"line":4,"column":4},"end":{"line":14,"column":5}},"3":{"start":{"line":5,"column":22},"end":{"line":5,"column":74}},"4":{"start":{"line":6,"column":23},"end":{"line":6,"column":44}},"5":{"start":{"line":8,"column":8},"end":{"line":11,"column":11}},"6":{"start":{"line":13,"column":8},"end":{"line":13,"column":20}},"7":{"start":{"line":17,"column":0},"end":{"line":19,"column":2}}},"fnMap":{"0":{"name":"(anonymous_0)","decl":{"start":{"line":3,"column":19},"end":{"line":3,"column":20}},"loc":{"start":{"line":3,"column":45},"end":{"line":15,"column":1}},"line":3}},"branchMap":{},"s":{"0":0,"1":0,"2":0,"3":0,"4":0,"5":0,"6":0,"7":0},"f":{"0":0},"b":{}}
,"/Users/hwaiting_dk/Repos/distributed-task-scheduler/Server/api/middlewares/error-handler.js": {"path":"/Users/hwaiting_dk/Repos/distributed-task-scheduler/Server/api/middlewares/error-handler.js","statementMap":{"0":{"start":{"line":1,"column":15},"end":{"line":1,"column":45}},"1":{"start":{"line":2,"column":21},"end":{"line":2,"column":65}},"2":{"start":{"line":4,"column":21},"end":{"line":19,"column":1}},"3":{"start":{"line":5,"column":4},"end":{"line":5,"column":43}},"4":{"start":{"line":6,"column":4},"end":{"line":6,"column":39}},"5":{"start":{"line":8,"column":4},"end":{"line":12,"column":5}},"6":{"start":{"line":9,"column":8},"end":{"line":9,"column":50}},"7":{"start":{"line":11,"column":8},"end":{"line":11,"column":89}},"8":{"start":{"line":14,"column":4},"end":{"line":18,"column":7}},"9":{"start":{"line":21,"column":0},"end":{"line":21,"column":30}}},"fnMap":{"0":{"name":"(anonymous_0)","decl":{"start":{"line":4,"column":21},"end":{"line":4,"column":22}},"loc":{"start":{"line":4,"column":46},"end":{"line":19,"column":1}},"line":4}},"branchMap":{"0":{"loc":{"start":{"line":5,"column":21},"end":{"line":5,"column":42}},"type":"binary-expr","locations":[{"start":{"line":5,"column":21},"end":{"line":5,"column":35}},{"start":{"line":5,"column":39},"end":{"line":5,"column":42}}],"line":5},"1":{"loc":{"start":{"line":6,"column":17},"end":{"line":6,"column":38}},"type":"binary-expr","locations":[{"start":{"line":6,"column":17},"end":{"line":6,"column":27}},{"start":{"line":6,"column":31},"end":{"line":6,"column":38}}],"line":6},"2":{"loc":{"start":{"line":8,"column":4},"end":{"line":12,"column":5}},"type":"if","locations":[{"start":{"line":8,"column":4},"end":{"line":12,"column":5}},{"start":{"line":10,"column":11},"end":{"line":12,"column":5}}],"line":8},"3":{"loc":{"start":{"line":17,"column":12},"end":{"line":17,"column":74}},"type":"binary-expr","locations":[{"start":{"line":17,"column":12},"end":{"line":17,"column":50}},{"start":{"line":17,"column":54},"end":{"line":17,"column":74}}],"line":17}},"s":{"0":0,"1":0,"2":0,"3":0,"4":0,"5":0,"6":0,"7":0,"8":0,"9":0},"f":{"0":0},"b":{"0":[0,0],"1":[0,0],"2":[0,0],"3":[0,0]}}
,"/Users/hwaiting_dk/Repos/distributed-task-scheduler/Server/api/middlewares/request-id.js": {"path":"/Users/hwaiting_dk/Repos/distributed-task-scheduler/Server/api/middlewares/request-id.js","statementMap":{"0":{"start":{"line":1,"column":15},"end":{"line":1,"column":45}},"1":{"start":{"line":2,"column":23},"end":{"line":2,"column":57}},"2":{"start":{"line":4,"column":22},"end":{"line":14,"column":1}},"3":{"start":{"line":5,"column":4},"end":{"line":5,"column":57}},"4":{"start":{"line":6,"column":4},"end":{"line":6,"column":42}},"5":{"start":{"line":8,"column":4},"end":{"line":11,"column":7}},"6":{"start":{"line":13,"column":4},"end":{"line":13,"column":11}},"7":{"start":{"line":16,"column":0},"end":{"line":16,"column":31}}},"fnMap":{"0":{"name":"(anonymous_0)","decl":{"start":{"line":4,"column":22},"end":{"line":4,"column":23}},"loc":{"start":{"line":4,"column":42},"end":{"line":14,"column":1}},"line":4}},"branchMap":{"0":{"loc":{"start":{"line":5,"column":13},"end":{"line":5,"column":56}},"type":"binary-expr","locations":[{"start":{"line":5,"column":13},"end":{"line":5,"column":40}},{"start":{"line":5,"column":44},"end":{"line":5,"column":56}}],"line":5}},"s":{"0":0,"1":0,"2":0,"3":0,"4":0,"5":0,"6":0,"7":0},"f":{"0":0},"b":{"0":[0,0]}}
,"/Users/hwaiting_dk/Repos/distributed-task-scheduler/Server/api/routes/admin.routes.js": {"path":"/Users/hwaiting_dk/Repos/distributed-task-scheduler/Server/api/routes/admin.routes.js","statementMap":{"0":{"start":{"line":1,"column":16},"end":{"line":1,"column":34}},"1":{"start":{"line":2,"column":24},"end":{"line":2,"column":66}},"2":{"start":{"line":4,"column":15},"end":{"line":4,"column":31}},"3":{"start":{"line":7,"column":0},"end":{"line":7,"column":66}},"4":{"start":{"line":8,"column":0},"end":{"line":8,"column":68}},"5":{"start":{"line":11,"column":0},"end":{"line":11,"column":63}},"6":{"start":{"line":12,"column":0},"end":{"line":12,"column":63}},"7":{"start":{"line":13,"column":0},"end":{"line":13,"column":63}},"8":{"start":{"line":16,"column":0},"end":{"line":16,"column":48}},"9":{"start":{"line":17,"column":0},"end":{"line":17,"column":60}},"10":{"start":{"line":18,"column":0},"end":{"line":18,"column":56}},"11":{"start":{"line":20,"column":0},"end":{"line":20,"column":24}}},"fnMap":{},"branchMap":{},"s":{"0":0,"1":0,"2":0,"3":0,"4":0,"5":0,"6":0,"7":0,"8":0,"9":0,"10":0,"11":0},"f":{},"b":{}}
,"/Users/hwaiting_dk/Repos/distributed-task-scheduler/Server/api/routes/health.routes.js": {"path":"/Users/hwaiting_dk/Repos/distributed-task-scheduler/Server/api/routes/health.routes.js","statementMap":{"0":{"start":{"line":1,"column":16},"end":{"line":1,"column":34}},"1":{"start":{"line":2,"column":25},"end":{"line":2,"column":68}},"2":{"start":{"line":4,"column":15},"end":{"line":4,"column":31}},"3":{"start":{"line":6,"column":0},"end":{"line":6,"column":46}},"4":{"start":{"line":8,"column":0},"end":{"line":8,"column":24}}},"fnMap":{},"branchMap":{},"s":{"0":0,"1":0,"2":0,"3":0,"4":0},"f":{},"b":{}}
,"/Users/hwaiting_dk/Repos/distributed-task-scheduler/Server/api/routes/jobs.routes.js": {"path":"/Users/hwaiting_dk/Repos/distributed-task-scheduler/Server/api/routes/jobs.routes.js","statementMap":{"0":{"start":{"line":1,"column":16},"end":{"line":1,"column":34}},"1":{"start":{"line":2,"column":23},"end":{"line":2,"column":64}},"2":{"start":{"line":3,"column":20},"end":{"line":3,"column":58}},"3":{"start":{"line":5,"column":15},"end":{"line":5,"column":31}},"4":{"start":{"line":7,"column":0},"end":{"line":7,"column":56}},"5":{"start":{"line":8,"column":0},"end":{"line":8,"column":42}},"6":{"start":{"line":9,"column":0},"end":{"line":9,"column":41}},"7":{"start":{"line":10,"column":0},"end":{"line":10,"column":51}},"8":{"start":{"line":12,"column":0},"end":{"line":12,"column":24}}},"fnMap":{},"branchMap":{},"s":{"0":0,"1":0,"2":0,"3":0,"4":0,"5":0,"6":0,"7":0,"8":0},"f":{},"b":{}}
,"/Users/hwaiting_dk/Repos/distributed-task-scheduler/Server/api/routes/system.routes.js": {"path":"/Users/hwaiting_dk/Repos/distributed-task-scheduler/Server/api/routes/system.routes.js","statementMap":{"0":{"start":{"line":1,"column":16},"end":{"line":1,"column":34}},"1":{"start":{"line":2,"column":25},"end":{"line":2,"column":68}},"2":{"start":{"line":4,"column":15},"end":{"line":4,"column":31}},"3":{"start":{"line":6,"column":0},"end":{"line":6,"column":56}},"4":{"start":{"line":8,"column":0},"end":{"line":8,"column":24}}},"fnMap":{},"branchMap":{},"s":{"0":0,"1":0,"2":0,"3":0,"4":0},"f":{},"b":{}}
,"/Users/hwaiting_dk/Repos/distributed-task-scheduler/Server/api/routes/workers.routes.js": {"path":"/Users/hwaiting_dk/Repos/distributed-task-scheduler/Server/api/routes/workers.routes.js","statementMap":{"0":{"start":{"line":1,"column":16},"end":{"line":1,"column":34}},"1":{"start":{"line":2,"column":26},"end":{"line":2,"column":70}},"2":{"start":{"line":4,"column":15},"end":{"line":4,"column":31}},"3":{"start":{"line":6,"column":0},"end":{"line":6,"column":46}},"4":{"start":{"line":8,"column":0},"end":{"line":8,"column":24}}},"fnMap":{},"branchMap":{},"s":{"0":0,"1":0,"2":0,"3":0,"4":0},"f":{},"b":{}}
,"/Users/hwaiting_dk/Repos/distributed-task-scheduler/Server/api/validators/job.validator.js": {"path":"/Users/hwaiting_dk/Repos/distributed-task-scheduler/Server/api/validators/job.validator.js","statementMap":{"0":{"start":{"line":1,"column":28},"end":{"line":1,"column":72}},"1":{"start":{"line":2,"column":22},"end":{"line":2,"column":56}},"2":{"start":{"line":4,"column":20},"end":{"line":30,"column":1}},"3":{"start":{"line":5,"column":59},"end":{"line":5,"column":67}},"4":{"start":{"line":7,"column":4},"end":{"line":9,"column":5}},"5":{"start":{"line":8,"column":8},"end":{"line":8,"column":87}},"6":{"start":{"line":11,"column":4},"end":{"line":13,"column":5}},"7":{"start":{"line":12,"column":8},"end":{"line":12,"column":91}},"8":{"start":{"line":15,"column":4},"end":{"line":17,"column":5}},"9":{"start":{"line":16,"column":8},"end":{"line":16,"column":76}},"10":{"start":{"line":22,"column":4},"end":{"line":27,"column":5}},"11":{"start":{"line":29,"column":4},"end":{"line":29,"column":11}},"12":{"start":{"line":32,"column":0},"end":{"line":32,"column":29}}},"fnMap":{"0":{"name":"(anonymous_0)","decl":{"start":{"line":4,"column":20},"end":{"line":4,"column":21}},"loc":{"start":{"line":4,"column":40},"end":{"line":30,"column":1}},"line":4}},"branchMap":{"0":{"loc":{"start":{"line":7,"column":4},"end":{"line":9,"column":5}},"type":"if","locations":[{"start":{"line":7,"column":4},"end":{"line":9,"column":5}},{"start":{},"end":{}}],"line":7},"1":{"loc":{"start":{"line":7,"column":8},"end":{"line":7,"column":41}},"type":"binary-expr","locations":[{"start":{"line":7,"column":8},"end":{"line":7,"column":13}},{"start":{"line":7,"column":17},"end":{"line":7,"column":41}}],"line":7},"2":{"loc":{"start":{"line":11,"column":4},"end":{"line":13,"column":5}},"type":"if","locations":[{"start":{"line":11,"column":4},"end":{"line":13,"column":5}},{"start":{},"end":{}}],"line":11},"3":{"loc":{"start":{"line":11,"column":8},"end":{"line":11,"column":47}},"type":"binary-expr","locations":[{"start":{"line":11,"column":8},"end":{"line":11,"column":16}},{"start":{"line":11,"column":20},"end":{"line":11,"column":47}}],"line":11},"4":{"loc":{"start":{"line":15,"column":4},"end":{"line":17,"column":5}},"type":"if","locations":[{"start":{"line":15,"column":4},"end":{"line":17,"column":5}},{"start":{},"end":{}}],"line":15},"5":{"loc":{"start":{"line":15,"column":8},"end":{"line":15,"column":53}},"type":"binary-expr","locations":[{"start":{"line":15,"column":8},"end":{"line":15,"column":19}},{"start":{"line":15,"column":23},"end":{"line":15,"column":53}}],"line":15},"6":{"loc":{"start":{"line":22,"column":4},"end":{"line":27,"column":5}},"type":"if","locations":[{"start":{"line":22,"column":4},"end":{"line":27,"column":5}},{"start":{},"end":{}}],"line":22}},"s":{"0":0,"1":0,"2":0,"3":0,"4":0,"5":0,"6":0,"7":0,"8":0,"9":0,"10":0,"11":0,"12":0},"f":{"0":0},"b":{"0":[0,0],"1":[0,0],"2":[0,0],"3":[0,0],"4":[0,0],"5":[0,0],"6":[0,0]}}
,"/Users/hwaiting_dk/Repos/distributed-task-scheduler/Server/common/config/index.js": {"path":"/Users/hwaiting_dk/Repos/distributed-task-scheduler/Server/common/config/index.js","statementMap":{"0":{"start":{"line":1,"column":0},"end":{"line":1,"column":27}},"1":{"start":{"line":3,"column":0},"end":{"line":26,"column":2}}},"fnMap":{},"branchMap":{"0":{"loc":{"start":{"line":5,"column":10},"end":{"line":5,"column":34}},"type":"binary-expr","locations":[{"start":{"line":5,"column":10},"end":{"line":5,"column":26}},{"start":{"line":5,"column":30},"end":{"line":5,"column":34}}],"line":5},"1":{"loc":{"start":{"line":6,"column":13},"end":{"line":6,"column":50}},"type":"binary-expr","locations":[{"start":{"line":6,"column":13},"end":{"line":6,"column":33}},{"start":{"line":6,"column":37},"end":{"line":6,"column":50}}],"line":6},"2":{"loc":{"start":{"line":9,"column":10},"end":{"line":9,"column":43}},"type":"binary-expr","locations":[{"start":{"line":9,"column":10},"end":{"line":9,"column":29}},{"start":{"line":9,"column":33},"end":{"line":9,"column":43}}],"line":9},"3":{"loc":{"start":{"line":10,"column":10},"end":{"line":10,"column":51}},"type":"binary-expr","locations":[{"start":{"line":10,"column":10},"end":{"line":10,"column":43}},{"start":{"line":10,"column":47},"end":{"line":10,"column":51}}],"line":10},"4":{"loc":{"start":{"line":11,"column":10},"end":{"line":11,"column":39}},"type":"binary-expr","locations":[{"start":{"line":11,"column":10},"end":{"line":11,"column":29}},{"start":{"line":11,"column":33},"end":{"line":11,"column":39}}],"line":11},"5":{"loc":{"start":{"line":12,"column":14},"end":{"line":12,"column":51}},"type":"binary-expr","locations":[{"start":{"line":12,"column":14},"end":{"line":12,"column":37}},{"start":{"line":12,"column":41},"end":{"line":12,"column":51}}],"line":12},"6":{"loc":{"start":{"line":13,"column":14},"end":{"line":13,"column":53}},"type":"binary-expr","locations":[{"start":{"line":13,"column":14},"end":{"line":13,"column":33}},{"start":{"line":13,"column":37},"end":{"line":13,"column":53}}],"line":13},"7":{"loc":{"start":{"line":16,"column":10},"end":{"line":16,"column":43}},"type":"binary-expr","locations":[{"start":{"line":16,"column":10},"end":{"line":16,"column":32}},{"start":{"line":16,"column":36},"end":{"line":16,"column":43}}],"line":16},"8":{"loc":{"start":{"line":17,"column":10},"end":{"line":17,"column":54}},"type":"binary-expr","locations":[{"start":{"line":17,"column":10},"end":{"line":17,"column":46}},{"start":{"line":17,"column":50},"end":{"line":17,"column":54}}],"line":17},"9":{"loc":{"start":{"line":20,"column":12},"end":{"line":20,"column":49}},"type":"binary-expr","locations":[{"start":{"line":20,"column":12},"end":{"line":20,"column":34}},{"start":{"line":20,"column":38},"end":{"line":20,"column":49}}],"line":20},"10":{"loc":{"start":{"line":23,"column":15},"end":{"line":23,"column":66}},"type":"binary-expr","locations":[{"start":{"line":23,"column":15},"end":{"line":23,"column":60}},{"start":{"line":23,"column":64},"end":{"line":23,"column":66}}],"line":23},"11":{"loc":{"start":{"line":24,"column":22},"end":{"line":24,"column":76}},"type":"binary-expr","locations":[{"start":{"line":24,"column":22},"end":{"line":24,"column":68}},{"start":{"line":24,"column":72},"end":{"line":24,"column":76}}],"line":24}},"s":{"0":3,"1":3},"f":{},"b":{"0":[3,0],"1":[3,0],"2":[3,0],"3":[3,0],"4":[3,0],"5":[3,0],"6":[3,0],"7":[3,0],"8":[3,0],"9":[3,0],"10":[3,0],"11":[3,0]},"_coverageSchema":"1a1c01bbd47fc00a2c39e90264f33305004495a9","hash":"e7760b818b037a323beabff012c75cb7101452a8"}
,"/Users/hwaiting_dk/Repos/distributed-task-scheduler/Server/common/errors/custom-errors.js": {"path":"/Users/hwaiting_dk/Repos/distributed-task-scheduler/Server/common/errors/custom-errors.js","statementMap":{"0":{"start":{"line":3,"column":8},"end":{"line":3,"column":23}},"1":{"start":{"line":4,"column":8},"end":{"line":4,"column":37}},"2":{"start":{"line":5,"column":8},"end":{"line":5,"column":73}},"3":{"start":{"line":6,"column":8},"end":{"line":6,"column":34}},"4":{"start":{"line":8,"column":8},"end":{"line":8,"column":56}},"5":{"start":{"line":14,"column":8},"end":{"line":14,"column":28}},"6":{"start":{"line":20,"column":8},"end":{"line":20,"column":28}},"7":{"start":{"line":26,"column":8},"end":{"line":26,"column":28}},"8":{"start":{"line":30,"column":0},"end":{"line":35,"column":2}}},"fnMap":{"0":{"name":"(anonymous_0)","decl":{"start":{"line":2,"column":4},"end":{"line":2,"column":5}},"loc":{"start":{"line":2,"column":43},"end":{"line":9,"column":5}},"line":2},"1":{"name":"(anonymous_1)","decl":{"start":{"line":13,"column":4},"end":{"line":13,"column":5}},"loc":{"start":{"line":13,"column":48},"end":{"line":15,"column":5}},"line":13},"2":{"name":"(anonymous_2)","decl":{"start":{"line":19,"column":4},"end":{"line":19,"column":5}},"loc":{"start":{"line":19,"column":48},"end":{"line":21,"column":5}},"line":19},"3":{"name":"(anonymous_3)","decl":{"start":{"line":25,"column":4},"end":{"line":25,"column":5}},"loc":{"start":{"line":25,"column":47},"end":{"line":27,"column":5}},"line":25}},"branchMap":{"0":{"loc":{"start":{"line":2,"column":25},"end":{"line":2,"column":41}},"type":"default-arg","locations":[{"start":{"line":2,"column":38},"end":{"line":2,"column":41}}],"line":2},"1":{"loc":{"start":{"line":5,"column":22},"end":{"line":5,"column":72}},"type":"cond-expr","locations":[{"start":{"line":5,"column":56},"end":{"line":5,"column":62}},{"start":{"line":5,"column":65},"end":{"line":5,"column":72}}],"line":5},"2":{"loc":{"start":{"line":13,"column":16},"end":{"line":13,"column":46}},"type":"default-arg","locations":[{"start":{"line":13,"column":26},"end":{"line":13,"column":46}}],"line":13},"3":{"loc":{"start":{"line":19,"column":16},"end":{"line":19,"column":46}},"type":"default-arg","locations":[{"start":{"line":19,"column":26},"end":{"line":19,"column":46}}],"line":19},"4":{"loc":{"start":{"line":25,"column":16},"end":{"line":25,"column":45}},"type":"default-arg","locations":[{"start":{"line":25,"column":26},"end":{"line":25,"column":45}}],"line":25}},"s":{"0":0,"1":0,"2":0,"3":0,"4":0,"5":0,"6":0,"7":0,"8":0},"f":{"0":0,"1":0,"2":0,"3":0},"b":{"0":[0],"1":[0,0],"2":[0],"3":[0],"4":[0]}}
,"/Users/hwaiting_dk/Repos/distributed-task-scheduler/Server/common/logger/index.js": {"path":"/Users/hwaiting_dk/Repos/distributed-task-scheduler/Server/common/logger/index.js","statementMap":{"0":{"start":{"line":1,"column":16},"end":{"line":1,"column":34}},"1":{"start":{"line":3,"column":15},"end":{"line":13,"column":2}},"2":{"start":{"line":15,"column":0},"end":{"line":15,"column":24}}},"fnMap":{},"branchMap":{"0":{"loc":{"start":{"line":4,"column":11},"end":{"line":4,"column":42}},"type":"binary-expr","locations":[{"start":{"line":4,"column":11},"end":{"line":4,"column":32}},{"start":{"line":4,"column":36},"end":{"line":4,"column":42}}],"line":4},"1":{"loc":{"start":{"line":9,"column":28},"end":{"line":9,"column":72}},"type":"binary-expr","locations":[{"start":{"line":9,"column":28},"end":{"line":9,"column":52}},{"start":{"line":9,"column":56},"end":{"line":9,"column":72}}],"line":9}},"s":{"0":2,"1":2,"2":2},"f":{},"b":{"0":[2,2],"1":[2,2]},"_coverageSchema":"1a1c01bbd47fc00a2c39e90264f33305004495a9","hash":"b121ed280888599fa30011e20de3f27a744624b7"}
,"/Users/hwaiting_dk/Repos/distributed-task-scheduler/Server/common/metrics/index.js": {"path":"/Users/hwaiting_dk/Repos/distributed-task-scheduler/Server/common/metrics/index.js","statementMap":{"0":{"start":{"line":1,"column":15},"end":{"line":1,"column":37}},"1":{"start":{"line":4,"column":0},"end":{"line":4,"column":31}},"2":{"start":{"line":7,"column":20},"end":{"line":11,"column":2}},"3":{"start":{"line":13,"column":24},"end":{"line":16,"column":2}},"4":{"start":{"line":18,"column":19},"end":{"line":22,"column":2}},"5":{"start":{"line":24,"column":16},"end":{"line":27,"column":2}},"6":{"start":{"line":29,"column":22},"end":{"line":32,"column":2}},"7":{"start":{"line":34,"column":0},"end":{"line":41,"column":2}}},"fnMap":{},"branchMap":{},"s":{"0":0,"1":0,"2":0,"3":0,"4":0,"5":0,"6":0,"7":0},"f":{},"b":{}}
,"/Users/hwaiting_dk/Repos/distributed-task-scheduler/Server/common/utils/time.js": {"path":"/Users/hwaiting_dk/Repos/distributed-task-scheduler/Server/common/utils/time.js","statementMap":{"0":{"start":{"line":1,"column":12},"end":{"line":3,"column":1}},"1":{"start":{"line":2,"column":4},"end":{"line":2,"column":22}},"2":{"start":{"line":5,"column":19},"end":{"line":7,"column":1}},"3":{"start":{"line":6,"column":4},"end":{"line":6,"column":53}},"4":{"start":{"line":9,"column":18},"end":{"line":12,"column":1}},"5":{"start":{"line":10,"column":4},"end":{"line":10,"column":27}},"6":{"start":{"line":10,"column":15},"end":{"line":10,"column":27}},"7":{"start":{"line":11,"column":4},"end":{"line":11,"column":29}},"8":{"start":{"line":14,"column":0},"end":{"line":18,"column":2}}},"fnMap":{"0":{"name":"(anonymous_0)","decl":{"start":{"line":1,"column":12},"end":{"line":1,"column":13}},"loc":{"start":{"line":1,"column":18},"end":{"line":3,"column":1}},"line":1},"1":{"name":"(anonymous_1)","decl":{"start":{"line":5,"column":19},"end":{"line":5,"column":20}},"loc":{"start":{"line":5,"column":38},"end":{"line":7,"column":1}},"line":5},"2":{"name":"(anonymous_2)","decl":{"start":{"line":9,"column":18},"end":{"line":9,"column":19}},"loc":{"start":{"line":9,"column":28},"end":{"line":12,"column":1}},"line":9}},"branchMap":{"0":{"loc":{"start":{"line":10,"column":4},"end":{"line":10,"column":27}},"type":"if","locations":[{"start":{"line":10,"column":4},"end":{"line":10,"column":27}},{"start":{},"end":{}}],"line":10}},"s":{"0":1,"1":1,"2":1,"3":0,"4":1,"5":0,"6":0,"7":0,"8":1},"f":{"0":1,"1":0,"2":0},"b":{"0":[0,0]},"_coverageSchema":"1a1c01bbd47fc00a2c39e90264f33305004495a9","hash":"6cc79aef8aecd257cc6563b5aa92f0ceb0140080"}
,"/Users/hwaiting_dk/Repos/distributed-task-scheduler/Server/common/utils/truncate-output.js": {"path":"/Users/hwaiting_dk/Repos/distributed-task-scheduler/Server/common/utils/truncate-output.js","statementMap":{"0":{"start":{"line":4,"column":25},"end":{"line":4,"column":34}},"1":{"start":{"line":11,"column":23},"end":{"line":41,"column":1}},"2":{"start":{"line":12,"column":4},"end":{"line":14,"column":5}},"3":{"start":{"line":13,"column":8},"end":{"line":13,"column":50}},"4":{"start":{"line":16,"column":22},"end":{"line":16,"column":44}},"5":{"start":{"line":17,"column":22},"end":{"line":17,"column":58}},"6":{"start":{"line":19,"column":4},"end":{"line":21,"column":5}},"7":{"start":{"line":20,"column":8},"end":{"line":20,"column":44}},"8":{"start":{"line":24,"column":21},"end":{"line":24,"column":43}},"9":{"start":{"line":25,"column":25},"end":{"line":25,"column":57}},"10":{"start":{"line":27,"column":4},"end":{"line":40,"column":5}},"11":{"start":{"line":29,"column":32},"end":{"line":29,"column":62}},"12":{"start":{"line":30,"column":8},"end":{"line":30,"column":60}},"13":{"start":{"line":33,"column":8},"end":{"line":39,"column":10}},"14":{"start":{"line":43,"column":0},"end":{"line":43,"column":54}}},"fnMap":{"0":{"name":"(anonymous_0)","decl":{"start":{"line":11,"column":23},"end":{"line":11,"column":24}},"loc":{"start":{"line":11,"column":35},"end":{"line":41,"column":1}},"line":11}},"branchMap":{"0":{"loc":{"start":{"line":12,"column":4},"end":{"line":14,"column":5}},"type":"if","locations":[{"start":{"line":12,"column":4},"end":{"line":14,"column":5}},{"start":{},"end":{}}],"line":12},"1":{"loc":{"start":{"line":19,"column":4},"end":{"line":21,"column":5}},"type":"if","locations":[{"start":{"line":19,"column":4},"end":{"line":21,"column":5}},{"start":{},"end":{}}],"line":19}},"s":{"0":0,"1":0,"2":0,"3":0,"4":0,"5":0,"6":0,"7":0,"8":0,"9":0,"10":0,"11":0,"12":0,"13":0,"14":0},"f":{"0":0},"b":{"0":[0,0],"1":[0,0]}}
,"/Users/hwaiting_dk/Repos/distributed-task-scheduler/Server/common/utils/uuid.js": {"path":"/Users/hwaiting_dk/Repos/distributed-task-scheduler/Server/common/utils/uuid.js","statementMap":{"0":{"start":{"line":1,"column":23},"end":{"line":1,"column":38}},"1":{"start":{"line":3,"column":19},"end":{"line":5,"column":1}},"2":{"start":{"line":4,"column":4},"end":{"line":4,"column":20}},"3":{"start":{"line":7,"column":0},"end":{"line":9,"column":2}}},"fnMap":{"0":{"name":"(anonymous_0)","decl":{"start":{"line":3,"column":19},"end":{"line":3,"column":20}},"loc":{"start":{"line":3,"column":25},"end":{"line":5,"column":1}},"line":3}},"branchMap":{},"s":{"0":1,"1":1,"2":2,"3":1},"f":{"0":2},"b":{},"_coverageSchema":"1a1c01bbd47fc00a2c39e90264f33305004495a9","hash":"5ac1200fca7dff8a132d3f119de5a5dbd6fd8aed"}
,"/Users/hwaiting_dk/Repos/distributed-task-scheduler/Server/db/index.js": {"path":"/Users/hwaiting_dk/Repos/distributed-task-scheduler/Server/db/index.js","statementMap":{"0":{"start":{"line":1,"column":17},"end":{"line":1,"column":30}},"1":{"start":{"line":2,"column":15},"end":{"line":2,"column":42}},"2":{"start":{"line":3,"column":15},"end":{"line":3,"column":42}},"3":{"start":{"line":5,"column":13},"end":{"line":11,"column":2}},"4":{"start":{"line":13,"column":0},"end":{"line":16,"column":3}},"5":{"start":{"line":14,"column":4},"end":{"line":14,"column":57}},"6":{"start":{"line":15,"column":4},"end":{"line":15,"column":21}},"7":{"start":{"line":18,"column":0},"end":{"line":21,"column":2}},"8":{"start":{"line":19,"column":29},"end":{"line":19,"column":53}}},"fnMap":{"0":{"name":"(anonymous_0)","decl":{"start":{"line":13,"column":17},"end":{"line":13,"column":18}},"loc":{"start":{"line":13,"column":26},"end":{"line":16,"column":1}},"line":13},"1":{"name":"(anonymous_1)","decl":{"start":{"line":19,"column":11},"end":{"line":19,"column":12}},"loc":{"start":{"line":19,"column":29},"end":{"line":19,"column":53}},"line":19}},"branchMap":{},"s":{"0":1,"1":1,"2":1,"3":1,"4":1,"5":0,"6":0,"7":1,"8":0},"f":{"0":0,"1":0},"b":{},"_coverageSchema":"1a1c01bbd47fc00a2c39e90264f33305004495a9","hash":"ca1abb20b59166676a91b814d9d24a9d2afb7ec3"}
,"/Users/hwaiting_dk/Repos/distributed-task-scheduler/Server/db/repositories/tasks.repo.js": {"path":"/Users/hwaiting_dk/Repos/distributed-task-scheduler/Server/db/repositories/tasks.repo.js","statementMap":{"0":{"start":{"line":1,"column":11},"end":{"line":1,"column":30}},"1":{"start":{"line":2,"column":26},"end":{"line":2,"column":70}},"2":{"start":{"line":3,"column":15},"end":{"line":3,"column":45}},"3":{"start":{"line":6,"column":19},"end":{"line":28,"column":1}},"4":{"start":{"line":7,"column":61},"end":{"line":7,"column":65}},"5":{"start":{"line":9,"column":16},"end":{"line":15,"column":3}},"6":{"start":{"line":17,"column":2},"end":{"line":27,"column":3}},"7":{"start":{"line":18,"column":16},"end":{"line":18,"column":87}},"8":{"start":{"line":19,"column":4},"end":{"line":19,"column":23}},"9":{"start":{"line":21,"column":4},"end":{"line":25,"column":5}},"10":{"start":{"line":23,"column":23},"end":{"line":23,"column":105}},"11":{"start":{"line":24,"column":6},"end":{"line":24,"column":30}},"12":{"start":{"line":26,"column":4},"end":{"line":26,"column":14}},"13":{"start":{"line":31,"column":24},"end":{"line":41,"column":1}},"14":{"start":{"line":32,"column":16},"end":{"line":38,"column":3}},"15":{"start":{"line":39,"column":14},"end":{"line":39,"column":44}},"16":{"start":{"line":40,"column":2},"end":{"line":40,"column":18}},"17":{"start":{"line":44,"column":23},"end":{"line":55,"column":1}},"18":{"start":{"line":45,"column":16},"end":{"line":52,"column":3}},"19":{"start":{"line":53,"column":14},"end":{"line":53,"column":59}},"20":{"start":{"line":54,"column":2},"end":{"line":54,"column":18}},"21":{"start":{"line":58,"column":21},"end":{"line":71,"column":1}},"22":{"start":{"line":59,"column":16},"end":{"line":68,"column":3}},"23":{"start":{"line":69,"column":14},"end":{"line":69,"column":55}},"24":{"start":{"line":70,"column":2},"end":{"line":70,"column":21}},"25":{"start":{"line":74,"column":19},"end":{"line":83,"column":1}},"26":{"start":{"line":75,"column":16},"end":{"line":80,"column":3}},"27":{"start":{"line":81,"column":14},"end":{"line":81,"column":55}},"28":{"start":{"line":82,"column":2},"end":{"line":82,"column":29}},"29":{"start":{"line":86,"column":21},"end":{"line":104,"column":1}},"30":{"start":{"line":87,"column":14},"end":{"line":90,"column":3}},"31":{"start":{"line":91,"column":17},"end":{"line":91,"column":29}},"32":{"start":{"line":93,"column":2},"end":{"line":99,"column":3}},"33":{"start":{"line":94,"column":4},"end":{"line":94,"column":59}},"34":{"start":{"line":95,"column":4},"end":{"line":95,"column":29}},"35":{"start":{"line":96,"column":9},"end":{"line":99,"column":3}},"36":{"start":{"line":101,"column":2},"end":{"line":101,"column":41}},"37":{"start":{"line":102,"column":14},"end":{"line":102,"column":43}},"38":{"start":{"line":103,"column":2},"end":{"line":103,"column":21}},"39":{"start":{"line":106,"column":20},"end":{"line":109,"column":1}},"40":{"start":{"line":107,"column":14},"end":{"line":107,"column":104}},"41":{"start":{"line":108,"column":2},"end":{"line":108,"column":21}},"42":{"start":{"line":117,"column":26},"end":{"line":128,"column":1}},"43":{"start":{"line":118,"column":16},"end":{"line":125,"column":3}},"44":{"start":{"line":126,"column":14},"end":{"line":126,"column":44}},"45":{"start":{"line":127,"column":2},"end":{"line":127,"column":18}},"46":{"start":{"line":133,"column":22},"end":{"line":146,"column":1}},"47":{"start":{"line":134,"column":16},"end":{"line":143,"column":3}},"48":{"start":{"line":144,"column":14},"end":{"line":144,"column":45}},"49":{"start":{"line":145,"column":2},"end":{"line":145,"column":21}},"50":{"start":{"line":151,"column":18},"end":{"line":162,"column":1}},"51":{"start":{"line":152,"column":16},"end":{"line":159,"column":3}},"52":{"start":{"line":160,"column":14},"end":{"line":160,"column":53}},"53":{"start":{"line":161,"column":2},"end":{"line":161,"column":21}},"54":{"start":{"line":167,"column":20},"end":{"line":177,"column":1}},"55":{"start":{"line":168,"column":16},"end":{"line":174,"column":3}},"56":{"start":{"line":175,"column":14},"end":{"line":175,"column":44}},"57":{"start":{"line":176,"column":2},"end":{"line":176,"column":18}},"58":{"start":{"line":183,"column":21},"end":{"line":198,"column":1}},"59":{"start":{"line":184,"column":16},"end":{"line":195,"column":3}},"60":{"start":{"line":196,"column":14},"end":{"line":196,"column":45}},"61":{"start":{"line":197,"column":2},"end":{"line":197,"column":21}},"62":{"start":{"line":203,"column":32},"end":{"line":212,"column":1}},"63":{"start":{"line":204,"column":16},"end":{"line":209,"column":3}},"64":{"start":{"line":210,"column":14},"end":{"line":210,"column":52}},"65":{"start":{"line":211,"column":2},"end":{"line":211,"column":25}},"66":{"start":{"line":217,"column":24},"end":{"line":232,"column":1}},"67":{"start":{"line":218,"column":99},"end":{"line":218,"column":108}},"68":{"start":{"line":220,"column":16},"end":{"line":225,"column":3}},"69":{"start":{"line":227,"column":14},"end":{"line":229,"column":4}},"70":{"start":{"line":231,"column":2},"end":{"line":231,"column":21}},"71":{"start":{"line":237,"column":28},"end":{"line":246,"column":1}},"72":{"start":{"line":238,"column":16},"end":{"line":242,"column":3}},"73":{"start":{"line":244,"column":14},"end":{"line":244,"column":45}},"74":{"start":{"line":245,"column":2},"end":{"line":245,"column":18}},"75":{"start":{"line":248,"column":0},"end":{"line":266,"column":2}}},"fnMap":{"0":{"name":"(anonymous_0)","decl":{"start":{"line":6,"column":19},"end":{"line":6,"column":20}},"loc":{"start":{"line":6,"column":35},"end":{"line":28,"column":1}},"line":6},"1":{"name":"(anonymous_1)","decl":{"start":{"line":31,"column":24},"end":{"line":31,"column":25}},"loc":{"start":{"line":31,"column":47},"end":{"line":41,"column":1}},"line":31},"2":{"name":"(anonymous_2)","decl":{"start":{"line":44,"column":23},"end":{"line":44,"column":24}},"loc":{"start":{"line":44,"column":55},"end":{"line":55,"column":1}},"line":44},"3":{"name":"(anonymous_3)","decl":{"start":{"line":58,"column":21},"end":{"line":58,"column":22}},"loc":{"start":{"line":58,"column":49},"end":{"line":71,"column":1}},"line":58},"4":{"name":"(anonymous_4)","decl":{"start":{"line":74,"column":19},"end":{"line":74,"column":20}},"loc":{"start":{"line":74,"column":47},"end":{"line":83,"column":1}},"line":74},"5":{"name":"(anonymous_5)","decl":{"start":{"line":86,"column":21},"end":{"line":86,"column":22}},"loc":{"start":{"line":86,"column":78},"end":{"line":104,"column":1}},"line":86},"6":{"name":"(anonymous_6)","decl":{"start":{"line":106,"column":20},"end":{"line":106,"column":21}},"loc":{"start":{"line":106,"column":34},"end":{"line":109,"column":1}},"line":106},"7":{"name":"(anonymous_7)","decl":{"start":{"line":117,"column":26},"end":{"line":117,"column":27}},"loc":{"start":{"line":117,"column":49},"end":{"line":128,"column":1}},"line":117},"8":{"name":"(anonymous_8)","decl":{"start":{"line":133,"column":22},"end":{"line":133,"column":23}},"loc":{"start":{"line":133,"column":40},"end":{"line":146,"column":1}},"line":133},"9":{"name":"(anonymous_9)","decl":{"start":{"line":151,"column":18},"end":{"line":151,"column":19}},"loc":{"start":{"line":151,"column":44},"end":{"line":162,"column":1}},"line":151},"10":{"name":"(anonymous_10)","decl":{"start":{"line":167,"column":20},"end":{"line":167,"column":21}},"loc":{"start":{"line":167,"column":43},"end":{"line":177,"column":1}},"line":167},"11":{"name":"(anonymous_11)","decl":{"start":{"line":183,"column":21},"end":{"line":183,"column":22}},"loc":{"start":{"line":183,"column":39},"end":{"line":198,"column":1}},"line":183},"12":{"name":"(anonymous_12)","decl":{"start":{"line":203,"column":32},"end":{"line":203,"column":33}},"loc":{"start":{"line":203,"column":57},"end":{"line":212,"column":1}},"line":203},"13":{"name":"(anonymous_13)","decl":{"start":{"line":217,"column":24},"end":{"line":217,"column":25}},"loc":{"start":{"line":217,"column":45},"end":{"line":232,"column":1}},"line":217},"14":{"name":"(anonymous_14)","decl":{"start":{"line":237,"column":28},"end":{"line":237,"column":29}},"loc":{"start":{"line":237,"column":46},"end":{"line":246,"column":1}},"line":237}},"branchMap":{"0":{"loc":{"start":{"line":21,"column":4},"end":{"line":25,"column":5}},"type":"if","locations":[{"start":{"line":21,"column":4},"end":{"line":25,"column":5}},{"start":{},"end":{}}],"line":21},"1":{"loc":{"start":{"line":31,"column":31},"end":{"line":31,"column":42}},"type":"default-arg","locations":[{"start":{"line":31,"column":39},"end":{"line":31,"column":42}}],"line":31},"2":{"loc":{"start":{"line":86,"column":40},"end":{"line":86,"column":53}},"type":"default-arg","locations":[{"start":{"line":86,"column":49},"end":{"line":86,"column":53}}],"line":86},"3":{"loc":{"start":{"line":86,"column":55},"end":{"line":86,"column":73}},"type":"default-arg","locations":[{"start":{"line":86,"column":69},"end":{"line":86,"column":73}}],"line":86},"4":{"loc":{"start":{"line":93,"column":2},"end":{"line":99,"column":3}},"type":"if","locations":[{"start":{"line":93,"column":2},"end":{"line":99,"column":3}},{"start":{"line":96,"column":9},"end":{"line":99,"column":3}}],"line":93},"5":{"loc":{"start":{"line":96,"column":9},"end":{"line":99,"column":3}},"type":"if","locations":[{"start":{"line":96,"column":9},"end":{"line":99,"column":3}},{"start":{},"end":{}}],"line":96},"6":{"loc":{"start":{"line":117,"column":33},"end":{"line":117,"column":44}},"type":"default-arg","locations":[{"start":{"line":117,"column":41},"end":{"line":117,"column":44}}],"line":117},"7":{"loc":{"start":{"line":167,"column":27},"end":{"line":167,"column":38}},"type":"default-arg","locations":[{"start":{"line":167,"column":35},"end":{"line":167,"column":38}}],"line":167}},"s":{"0":0,"1":0,"2":0,"3":0,"4":0,"5":0,"6":0,"7":0,"8":0,"9":0,"10":0,"11":0,"12":0,"13":0,"14":0,"15":0,"16":0,"17":0,"18":0,"19":0,"20":0,"21":0,"22":0,"23":0,"24":0,"25":0,"26":0,"27":0,"28":0,"29":0,"30":0,"31":0,"32":0,"33":0,"34":0,"35":0,"36":0,"37":0,"38":0,"39":0,"40":0,"41":0,"42":0,"43":0,"44":0,"45":0,"46":0,"47":0,"48":0,"49":0,"50":0,"51":0,"52":0,"53":0,"54":0,"55":0,"56":0,"57":0,"58":0,"59":0,"60":0,"61":0,"62":0,"63":0,"64":0,"65":0,"66":0,"67":0,"68":0,"69":0,"70":0,"71":0,"72":0,"73":0,"74":0,"75":0},"f":{"0":0,"1":0,"2":0,"3":0,"4":0,"5":0,"6":0,"7":0,"8":0,"9":0,"10":0,"11":0,"12":0,"13":0,"14":0},"b":{"0":[0,0],"1":[0],"2":[0],"3":[0],"4":[0,0],"5":[0,0],"6":[0],"7":[0]}}
,"/Users/hwaiting_dk/Repos/distributed-task-scheduler/Server/db/repositories/workers.repo.js": {"path":"/Users/hwaiting_dk/Repos/distributed-task-scheduler/Server/db/repositories/workers.repo.js","statementMap":{"0":{"start":{"line":1,"column":11},"end":{"line":1,"column":30}},"1":{"start":{"line":3,"column":24},"end":{"line":33,"column":1}},"2":{"start":{"line":5,"column":19},"end":{"line":5,"column":65}},"3":{"start":{"line":6,"column":22},"end":{"line":6,"column":54}},"4":{"start":{"line":9,"column":2},"end":{"line":23,"column":3}},"5":{"start":{"line":10,"column":27},"end":{"line":10,"column":99}},"6":{"start":{"line":12,"column":4},"end":{"line":22,"column":5}},"7":{"start":{"line":14,"column":6},"end":{"line":21,"column":9}},"8":{"start":{"line":26,"column":16},"end":{"line":31,"column":3}},"9":{"start":{"line":32,"column":2},"end":{"line":32,"column":36}},"10":{"start":{"line":35,"column":23},"end":{"line":43,"column":1}},"11":{"start":{"line":36,"column":16},"end":{"line":40,"column":3}},"12":{"start":{"line":41,"column":14},"end":{"line":41,"column":53}},"13":{"start":{"line":42,"column":2},"end":{"line":42,"column":18}},"14":{"start":{"line":45,"column":25},"end":{"line":54,"column":1}},"15":{"start":{"line":46,"column":16},"end":{"line":51,"column":3}},"16":{"start":{"line":52,"column":14},"end":{"line":52,"column":53}},"17":{"start":{"line":53,"column":2},"end":{"line":53,"column":18}},"18":{"start":{"line":56,"column":0},"end":{"line":60,"column":2}}},"fnMap":{"0":{"name":"(anonymous_0)","decl":{"start":{"line":3,"column":24},"end":{"line":3,"column":25}},"loc":{"start":{"line":3,"column":44},"end":{"line":33,"column":1}},"line":3},"1":{"name":"(anonymous_1)","decl":{"start":{"line":35,"column":23},"end":{"line":35,"column":24}},"loc":{"start":{"line":35,"column":54},"end":{"line":43,"column":1}},"line":35},"2":{"name":"(anonymous_2)","decl":{"start":{"line":45,"column":25},"end":{"line":45,"column":26}},"loc":{"start":{"line":45,"column":56},"end":{"line":54,"column":1}},"line":45}},"branchMap":{"0":{"loc":{"start":{"line":9,"column":2},"end":{"line":23,"column":3}},"type":"if","locations":[{"start":{"line":9,"column":2},"end":{"line":23,"column":3}},{"start":{},"end":{}}],"line":9},"1":{"loc":{"start":{"line":12,"column":4},"end":{"line":22,"column":5}},"type":"if","locations":[{"start":{"line":12,"column":4},"end":{"line":22,"column":5}},{"start":{},"end":{}}],"line":12},"2":{"loc":{"start":{"line":35,"column":30},"end":{"line":35,"column":49}},"type":"default-arg","locations":[{"start":{"line":35,"column":47},"end":{"line":35,"column":49}}],"line":35},"3":{"loc":{"start":{"line":45,"column":32},"end":{"line":45,"column":51}},"type":"default-arg","locations":[{"start":{"line":45,"column":49},"end":{"line":45,"column":51}}],"line":45}},"s":{"0":1,"1":1,"2":0,"3":0,"4":0,"5":0,"6":0,"7":0,"8":0,"9":0,"10":1,"11":0,"12":0,"13":0,"14":1,"15":0,"16":0,"17":0,"18":1},"f":{"0":0,"1":0,"2":0},"b":{"0":[0,0],"1":[0,0],"2":[0],"3":[0]},"_coverageSchema":"1a1c01bbd47fc00a2c39e90264f33305004495a9","hash":"062e502b3a24bb77b722963da51a87b3b82bb0a5"}
,"/Users/hwaiting_dk/Repos/distributed-task-scheduler/Server/queue/redis-queue.js": {"path":"/Users/hwaiting_dk/Repos/distributed-task-scheduler/Server/queue/redis-queue.js","statementMap":{"0":{"start":{"line":1,"column":14},"end":{"line":1,"column":32}},"1":{"start":{"line":2,"column":15},"end":{"line":2,"column":42}},"2":{"start":{"line":3,"column":15},"end":{"line":3,"column":42}},"3":{"start":{"line":5,"column":14},"end":{"line":8,"column":2}},"4":{"start":{"line":10,"column":20},"end":{"line":10,"column":33}},"5":{"start":{"line":11,"column":23},"end":{"line":11,"column":38}},"6":{"start":{"line":13,"column":18},"end":{"line":21,"column":1}},"7":{"start":{"line":14,"column":4},"end":{"line":20,"column":5}},"8":{"start":{"line":15,"column":8},"end":{"line":15,"column":83}},"9":{"start":{"line":17,"column":8},"end":{"line":19,"column":9}},"10":{"start":{"line":18,"column":12},"end":{"line":18,"column":69}},"11":{"start":{"line":23,"column":17},"end":{"line":26,"column":1}},"12":{"start":{"line":25,"column":4},"end":{"line":25,"column":86}},"13":{"start":{"line":28,"column":16},"end":{"line":53,"column":1}},"14":{"start":{"line":31,"column":20},"end":{"line":36,"column":5}},"15":{"start":{"line":38,"column":4},"end":{"line":38,"column":30}},"16":{"start":{"line":38,"column":18},"end":{"line":38,"column":30}},"17":{"start":{"line":41,"column":25},"end":{"line":41,"column":32}},"18":{"start":{"line":42,"column":20},"end":{"line":42,"column":36}},"19":{"start":{"line":43,"column":22},"end":{"line":43,"column":32}},"20":{"start":{"line":44,"column":19},"end":{"line":44,"column":29}},"21":{"start":{"line":47,"column":21},"end":{"line":47,"column":23}},"22":{"start":{"line":48,"column":4},"end":{"line":50,"column":5}},"23":{"start":{"line":48,"column":17},"end":{"line":48,"column":18}},"24":{"start":{"line":49,"column":8},"end":{"line":49,"column":44}},"25":{"start":{"line":52,"column":4},"end":{"line":52,"column":38}},"26":{"start":{"line":55,"column":12},"end":{"line":57,"column":1}},"27":{"start":{"line":56,"column":4},"end":{"line":56,"column":61}},"28":{"start":{"line":59,"column":24},"end":{"line":67,"column":1}},"29":{"start":{"line":60,"column":4},"end":{"line":66,"column":5}},"30":{"start":{"line":61,"column":24},"end":{"line":61,"column":73}},"31":{"start":{"line":62,"column":8},"end":{"line":62,"column":42}},"32":{"start":{"line":64,"column":8},"end":{"line":64,"column":57}},"33":{"start":{"line":65,"column":8},"end":{"line":65,"column":28}},"34":{"start":{"line":69,"column":0},"end":{"line":76,"column":2}}},"fnMap":{"0":{"name":"(anonymous_0)","decl":{"start":{"line":13,"column":18},"end":{"line":13,"column":19}},"loc":{"start":{"line":13,"column":30},"end":{"line":21,"column":1}},"line":13},"1":{"name":"(anonymous_1)","decl":{"start":{"line":23,"column":17},"end":{"line":23,"column":18}},"loc":{"start":{"line":23,"column":61},"end":{"line":26,"column":1}},"line":23},"2":{"name":"(anonymous_2)","decl":{"start":{"line":28,"column":16},"end":{"line":28,"column":17}},"loc":{"start":{"line":28,"column":40},"end":{"line":53,"column":1}},"line":28},"3":{"name":"(anonymous_3)","decl":{"start":{"line":55,"column":12},"end":{"line":55,"column":13}},"loc":{"start":{"line":55,"column":33},"end":{"line":57,"column":1}},"line":55},"4":{"name":"(anonymous_4)","decl":{"start":{"line":59,"column":24},"end":{"line":59,"column":25}},"loc":{"start":{"line":59,"column":36},"end":{"line":67,"column":1}},"line":59}},"branchMap":{"0":{"loc":{"start":{"line":17,"column":8},"end":{"line":19,"column":9}},"type":"if","locations":[{"start":{"line":17,"column":8},"end":{"line":19,"column":9}},{"start":{},"end":{}}],"line":17},"1":{"loc":{"start":{"line":23,"column":32},"end":{"line":23,"column":56}},"type":"default-arg","locations":[{"start":{"line":23,"column":42},"end":{"line":23,"column":56}}],"line":23},"2":{"loc":{"start":{"line":38,"column":4},"end":{"line":38,"column":30}},"type":"if","locations":[{"start":{"line":38,"column":4},"end":{"line":38,"column":30}},{"start":{},"end":{}}],"line":38},"3":{"loc":{"start":{"line":62,"column":24},"end":{"line":62,"column":39}},"type":"binary-expr","locations":[{"start":{"line":62,"column":24},"end":{"line":62,"column":34}},{"start":{"line":62,"column":38},"end":{"line":62,"column":39}}],"line":62}},"s":{"0":1,"1":1,"2":1,"3":1,"4":1,"5":1,"6":1,"7":0,"8":0,"9":0,"10":0,"11":1,"12":0,"13":1,"14":0,"15":0,"16":0,"17":0,"18":0,"19":0,"20":0,"21":0,"22":0,"23":0,"24":0,"25":0,"26":1,"27":0,"28":1,"29":2,"30":2,"31":2,"32":0,"33":0,"34":1},"f":{"0":0,"1":0,"2":0,"3":0,"4":2},"b":{"0":[0,0],"1":[0],"2":[0,0],"3":[2,2]},"_coverageSchema":"1a1c01bbd47fc00a2c39e90264f33305004495a9","hash":"2fff8220d94b565175359fadc2d31ef9018bec5b"}
,"/Users/hwaiting_dk/Repos/distributed-task-scheduler/Server/scheduler/index.js": {"path":"/Users/hwaiting_dk/Repos/distributed-task-scheduler/Server/scheduler/index.js","statementMap":{"0":{"start":{"line":1,"column":15},"end":{"line":1,"column":42}},"1":{"start":{"line":2,"column":23},"end":{"line":2,"column":67}},"2":{"start":{"line":3,"column":19},"end":{"line":3,"column":58}},"3":{"start":{"line":4,"column":22},"end":{"line":4,"column":59}},"4":{"start":{"line":5,"column":19},"end":{"line":5,"column":55}},"5":{"start":{"line":6,"column":19},"end":{"line":6,"column":50}},"6":{"start":{"line":8,"column":23},"end":{"line":40,"column":1}},"7":{"start":{"line":9,"column":4},"end":{"line":9,"column":49}},"8":{"start":{"line":12,"column":4},"end":{"line":12,"column":33}},"9":{"start":{"line":15,"column":4},"end":{"line":15,"column":33}},"10":{"start":{"line":18,"column":4},"end":{"line":23,"column":7}},"11":{"start":{"line":19,"column":8},"end":{"line":19,"column":59}},"12":{"start":{"line":20,"column":8},"end":{"line":20,"column":27}},"13":{"start":{"line":21,"column":8},"end":{"line":21,"column":30}},"14":{"start":{"line":22,"column":8},"end":{"line":22,"column":27}},"15":{"start":{"line":25,"column":4},"end":{"line":30,"column":7}},"16":{"start":{"line":26,"column":8},"end":{"line":26,"column":61}},"17":{"start":{"line":27,"column":8},"end":{"line":27,"column":26}},"18":{"start":{"line":28,"column":8},"end":{"line":28,"column":29}},"19":{"start":{"line":29,"column":8},"end":{"line":29,"column":26}},"20":{"start":{"line":33,"column":4},"end":{"line":39,"column":7}},"21":{"start":{"line":34,"column":8},"end":{"line":34,"column":58}},"22":{"start":{"line":35,"column":8},"end":{"line":35,"column":26}},"23":{"start":{"line":36,"column":8},"end":{"line":36,"column":29}},"24":{"start":{"line":37,"column":8},"end":{"line":37,"column":26}},"25":{"start":{"line":38,"column":8},"end":{"line":38,"column":24}},"26":{"start":{"line":42,"column":0},"end":{"line":44,"column":1}},"27":{"start":{"line":43,"column":4},"end":{"line":43,"column":21}}},"fnMap":{"0":{"name":"(anonymous_0)","decl":{"start":{"line":8,"column":23},"end":{"line":8,"column":24}},"loc":{"start":{"line":8,"column":35},"end":{"line":40,"column":1}},"line":8},"1":{"name":"(anonymous_1)","decl":{"start":{"line":18,"column":33},"end":{"line":18,"column":34}},"loc":{"start":{"line":18,"column":39},"end":{"line":23,"column":5}},"line":18},"2":{"name":"(anonymous_2)","decl":{"start":{"line":25,"column":30},"end":{"line":25,"column":31}},"loc":{"start":{"line":25,"column":36},"end":{"line":30,"column":5}},"line":25},"3":{"name":"(anonymous_3)","decl":{"start":{"line":33,"column":26},"end":{"line":33,"column":27}},"loc":{"start":{"line":33,"column":32},"end":{"line":39,"column":5}},"line":33}},"branchMap":{"0":{"loc":{"start":{"line":42,"column":0},"end":{"line":44,"column":1}},"type":"if","locations":[{"start":{"line":42,"column":0},"end":{"line":44,"column":1}},{"start":{},"end":{}}],"line":42}},"s":{"0":0,"1":0,"2":0,"3":0,"4":0,"5":0,"6":0,"7":0,"8":0,"9":0,"10":0,"11":0,"12":0,"13":0,"14":0,"15":0,"16":0,"17":0,"18":0,"19":0,"20":0,"21":0,"22":0,"23":0,"24":0,"25":0,"26":0,"27":0},"f":{"0":0,"1":0,"2":0,"3":0},"b":{"0":[0,0]}}
,"/Users/hwaiting_dk/Repos/distributed-task-scheduler/Server/scheduler/dead-letter/dlq-handler.js": {"path":"/Users/hwaiting_dk/Repos/distributed-task-scheduler/Server/scheduler/dead-letter/dlq-handler.js","statementMap":{"0":{"start":{"line":1,"column":15},"end":{"line":1,"column":45}},"1":{"start":{"line":2,"column":18},"end":{"line":2,"column":61}},"2":{"start":{"line":3,"column":23},"end":{"line":3,"column":68}},"3":{"start":{"line":16,"column":8},"end":{"line":16,"column":31}},"4":{"start":{"line":17,"column":8},"end":{"line":17,"column":36}},"5":{"start":{"line":21,"column":8},"end":{"line":21,"column":30}},"6":{"start":{"line":22,"column":8},"end":{"line":22,"column":76}},"7":{"start":{"line":22,"column":49},"end":{"line":22,"column":67}},"8":{"start":{"line":23,"column":8},"end":{"line":23,"column":43}},"9":{"start":{"line":27,"column":8},"end":{"line":27,"column":31}},"10":{"start":{"line":28,"column":8},"end":{"line":28,"column":70}},"11":{"start":{"line":28,"column":34},"end":{"line":28,"column":70}},"12":{"start":{"line":29,"column":8},"end":{"line":29,"column":43}},"13":{"start":{"line":37,"column":8},"end":{"line":37,"column":45}},"14":{"start":{"line":37,"column":38},"end":{"line":37,"column":45}},"15":{"start":{"line":39,"column":8},"end":{"line":58,"column":9}},"16":{"start":{"line":40,"column":29},"end":{"line":40,"column":58}},"17":{"start":{"line":42,"column":12},"end":{"line":42,"column":46}},"18":{"start":{"line":42,"column":39},"end":{"line":42,"column":46}},"19":{"start":{"line":44,"column":12},"end":{"line":44,"column":72}},"20":{"start":{"line":47,"column":12},"end":{"line":49,"column":13}},"21":{"start":{"line":48,"column":16},"end":{"line":48,"column":127}},"22":{"start":{"line":52,"column":12},"end":{"line":54,"column":13}},"23":{"start":{"line":53,"column":16},"end":{"line":53,"column":118}},"24":{"start":{"line":57,"column":12},"end":{"line":57,"column":51}},"25":{"start":{"line":66,"column":8},"end":{"line":73,"column":9}},"26":{"start":{"line":67,"column":12},"end":{"line":67,"column":49}},"27":{"start":{"line":68,"column":12},"end":{"line":68,"column":68}},"28":{"start":{"line":69,"column":12},"end":{"line":69,"column":24}},"29":{"start":{"line":71,"column":12},"end":{"line":71,"column":73}},"30":{"start":{"line":72,"column":12},"end":{"line":72,"column":25}},"31":{"start":{"line":81,"column":8},"end":{"line":81,"column":45}},"32":{"start":{"line":81,"column":38},"end":{"line":81,"column":45}},"33":{"start":{"line":83,"column":8},"end":{"line":90,"column":9}},"34":{"start":{"line":84,"column":28},"end":{"line":84,"column":82}},"35":{"start":{"line":85,"column":12},"end":{"line":87,"column":13}},"36":{"start":{"line":86,"column":16},"end":{"line":86,"column":96}},"37":{"start":{"line":89,"column":12},"end":{"line":89,"column":51}},"38":{"start":{"line":94,"column":0},"end":{"line":94,"column":34}}},"fnMap":{"0":{"name":"(anonymous_0)","decl":{"start":{"line":15,"column":4},"end":{"line":15,"column":5}},"loc":{"start":{"line":15,"column":18},"end":{"line":18,"column":5}},"line":15},"1":{"name":"(anonymous_1)","decl":{"start":{"line":20,"column":4},"end":{"line":20,"column":5}},"loc":{"start":{"line":20,"column":12},"end":{"line":24,"column":5}},"line":20},"2":{"name":"(anonymous_2)","decl":{"start":{"line":22,"column":43},"end":{"line":22,"column":44}},"loc":{"start":{"line":22,"column":49},"end":{"line":22,"column":67}},"line":22},"3":{"name":"(anonymous_3)","decl":{"start":{"line":26,"column":4},"end":{"line":26,"column":5}},"loc":{"start":{"line":26,"column":11},"end":{"line":30,"column":5}},"line":26},"4":{"name":"(anonymous_4)","decl":{"start":{"line":36,"column":4},"end":{"line":36,"column":5}},"loc":{"start":{"line":36,"column":24},"end":{"line":59,"column":5}},"line":36},"5":{"name":"(anonymous_5)","decl":{"start":{"line":65,"column":4},"end":{"line":65,"column":5}},"loc":{"start":{"line":65,"column":31},"end":{"line":74,"column":5}},"line":65},"6":{"name":"(anonymous_6)","decl":{"start":{"line":80,"column":4},"end":{"line":80,"column":5}},"loc":{"start":{"line":80,"column":46},"end":{"line":91,"column":5}},"line":80}},"branchMap":{"0":{"loc":{"start":{"line":28,"column":8},"end":{"line":28,"column":70}},"type":"if","locations":[{"start":{"line":28,"column":8},"end":{"line":28,"column":70}},{"start":{},"end":{}}],"line":28},"1":{"loc":{"start":{"line":37,"column":8},"end":{"line":37,"column":45}},"type":"if","locations":[{"start":{"line":37,"column":8},"end":{"line":37,"column":45}},{"start":{},"end":{}}],"line":37},"2":{"loc":{"start":{"line":42,"column":12},"end":{"line":42,"column":46}},"type":"if","locations":[{"start":{"line":42,"column":12},"end":{"line":42,"column":46}},{"start":{},"end":{}}],"line":42},"3":{"loc":{"start":{"line":52,"column":12},"end":{"line":54,"column":13}},"type":"if","locations":[{"start":{"line":52,"column":12},"end":{"line":54,"column":13}},{"start":{},"end":{}}],"line":52},"4":{"loc":{"start":{"line":80,"column":26},"end":{"line":80,"column":44}},"type":"default-arg","locations":[{"start":{"line":80,"column":42},"end":{"line":80,"column":44}}],"line":80},"5":{"loc":{"start":{"line":81,"column":8},"end":{"line":81,"column":45}},"type":"if","locations":[{"start":{"line":81,"column":8},"end":{"line":81,"column":45}},{"start":{},"end":{}}],"line":81},"6":{"loc":{"start":{"line":85,"column":12},"end":{"line":87,"column":13}},"type":"if","locations":[{"start":{"line":85,"column":12},"end":{"line":87,"column":13}},{"start":{},"end":{}}],"line":85}},"s":{"0":0,"1":0,"2":0,"3":0,"4":0,"5":0,"6":0,"7":0,"8":0,"9":0,"10":0,"11":0,"12":0,"13":0,"14":0,"15":0,"16":0,"17":0,"18":0,"19":0,"20":0,"21":0,"22":0,"23":0,"24":0,"25":0,"26":0,"27":0,"28":0,"29":0,"30":0,"31":0,"32":0,"33":0,"34":0,"35":0,"36":0,"37":0,"38":0},"f":{"0":0,"1":0,"2":0,"3":0,"4":0,"5":0,"6":0},"b":{"0":[0,0],"1":[0,0],"2":[0,0],"3":[0,0],"4":[0],"5":[0,0],"6":[0,0]}}
,"/Users/hwaiting_dk/Repos/distributed-task-scheduler/Server/scheduler/heartbeat/worker-monitor.js": {"path":"/Users/hwaiting_dk/Repos/distributed-task-scheduler/Server/scheduler/heartbeat/worker-monitor.js","statementMap":{"0":{"start":{"line":1,"column":20},"end":{"line":1,"column":65}},"1":{"start":{"line":2,"column":18},"end":{"line":2,"column":61}},"2":{"start":{"line":3,"column":15},"end":{"line":3,"column":45}},"3":{"start":{"line":4,"column":23},"end":{"line":4,"column":68}},"4":{"start":{"line":5,"column":11},"end":{"line":5,"column":30}},"5":{"start":{"line":9,"column":8},"end":{"line":9,"column":29}},"6":{"start":{"line":13,"column":8},"end":{"line":13,"column":71}},"7":{"start":{"line":13,"column":42},"end":{"line":13,"column":62}},"8":{"start":{"line":14,"column":8},"end":{"line":14,"column":46}},"9":{"start":{"line":18,"column":8},"end":{"line":18,"column":56}},"10":{"start":{"line":18,"column":27},"end":{"line":18,"column":56}},"11":{"start":{"line":22,"column":8},"end":{"line":22,"column":45}},"12":{"start":{"line":22,"column":38},"end":{"line":22,"column":45}},"13":{"start":{"line":24,"column":8},"end":{"line":44,"column":9}},"14":{"start":{"line":25,"column":32},"end":{"line":25,"column":68}},"15":{"start":{"line":26,"column":12},"end":{"line":41,"column":13}},"16":{"start":{"line":27,"column":16},"end":{"line":27,"column":85}},"17":{"start":{"line":29,"column":16},"end":{"line":40,"column":17}},"18":{"start":{"line":31,"column":34},"end":{"line":35,"column":12}},"19":{"start":{"line":36,"column":32},"end":{"line":36,"column":68}},"20":{"start":{"line":37,"column":20},"end":{"line":39,"column":21}},"21":{"start":{"line":38,"column":24},"end":{"line":38,"column":103}},"22":{"start":{"line":43,"column":12},"end":{"line":43,"column":54}},"23":{"start":{"line":48,"column":0},"end":{"line":48,"column":37}}},"fnMap":{"0":{"name":"(anonymous_0)","decl":{"start":{"line":8,"column":4},"end":{"line":8,"column":5}},"loc":{"start":{"line":8,"column":18},"end":{"line":10,"column":5}},"line":8},"1":{"name":"(anonymous_1)","decl":{"start":{"line":12,"column":4},"end":{"line":12,"column":5}},"loc":{"start":{"line":12,"column":12},"end":{"line":15,"column":5}},"line":12},"2":{"name":"(anonymous_2)","decl":{"start":{"line":13,"column":36},"end":{"line":13,"column":37}},"loc":{"start":{"line":13,"column":42},"end":{"line":13,"column":62}},"line":13},"3":{"name":"(anonymous_3)","decl":{"start":{"line":17,"column":4},"end":{"line":17,"column":5}},"loc":{"start":{"line":17,"column":11},"end":{"line":19,"column":5}},"line":17},"4":{"name":"(anonymous_4)","decl":{"start":{"line":21,"column":4},"end":{"line":21,"column":5}},"loc":{"start":{"line":21,"column":26},"end":{"line":45,"column":5}},"line":21}},"branchMap":{"0":{"loc":{"start":{"line":18,"column":8},"end":{"line":18,"column":56}},"type":"if","locations":[{"start":{"line":18,"column":8},"end":{"line":18,"column":56}},{"start":{},"end":{}}],"line":18},"1":{"loc":{"start":{"line":22,"column":8},"end":{"line":22,"column":45}},"type":"if","locations":[{"start":{"line":22,"column":8},"end":{"line":22,"column":45}},{"start":{},"end":{}}],"line":22},"2":{"loc":{"start":{"line":26,"column":12},"end":{"line":41,"column":13}},"type":"if","locations":[{"start":{"line":26,"column":12},"end":{"line":41,"column":13}},{"start":{},"end":{}}],"line":26},"3":{"loc":{"start":{"line":37,"column":20},"end":{"line":39,"column":21}},"type":"if","locations":[{"start":{"line":37,"column":20},"end":{"line":39,"column":21}},{"start":{},"end":{}}],"line":37}},"s":{"0":0,"1":0,"2":0,"3":0,"4":0,"5":0,"6":0,"7":0,"8":0,"9":0,"10":0,"11":0,"12":0,"13":0,"14":0,"15":0,"16":0,"17":0,"18":0,"19":0,"20":0,"21":0,"22":0,"23":0},"f":{"0":0,"1":0,"2":0,"3":0,"4":0},"b":{"0":[0,0],"1":[0,0],"2":[0,0],"3":[0,0]}}
,"/Users/hwaiting_dk/Repos/distributed-task-scheduler/Server/scheduler/leader-election/etcd-client.js": {"path":"/Users/hwaiting_dk/Repos/distributed-task-scheduler/Server/scheduler/leader-election/etcd-client.js","statementMap":{"0":{"start":{"line":1,"column":18},"end":{"line":1,"column":34}},"1":{"start":{"line":2,"column":15},"end":{"line":2,"column":45}},"2":{"start":{"line":4,"column":15},"end":{"line":6,"column":2}},"3":{"start":{"line":8,"column":0},"end":{"line":8,"column":24}}},"fnMap":{},"branchMap":{},"s":{"0":1,"1":1,"2":1,"3":1},"f":{},"b":{},"_coverageSchema":"1a1c01bbd47fc00a2c39e90264f33305004495a9","hash":"488835e01d336c20c6842cec9a5ffc1c069395bf"}
[...]
,"/Users/hwaiting_dk/Repos/distributed-task-scheduler/Server/worker/index.js": {"path":"/Users/hwaiting_dk/Repos/distributed-task-scheduler/Server/worker/index.js","statementMap":{"0":{"start":{"line":1,"column":15},"end":{"line":1,"column":42}},"1":{"start":{"line":2,"column":15},"end":{"line":2,"column":42}},"2":{"start":{"line":3,"column":19},"end":{"line":3,"column":50}},"3":{"start":{"line":4,"column":18},"end":{"line":4,"column":58}},"4":{"start":{"line":5,"column":24},"end":{"line":5,"column":63}},"5":{"start":{"line":6,"column":24},"end":{"line":6,"column":59}},"6":{"start":{"line":7,"column":23},"end":{"line":7,"column":54}},"7":{"start":{"line":8,"column":27},"end":{"line":8,"column":69}},"8":{"start":{"line":10,"column":18},"end":{"line":10,"column":58}},"9":{"start":{"line":11,"column":18},"end":{"line":11,"column":48}},"10":{"start":{"line":13,"column":20},"end":{"line":112,"column":1}},"11":{"start":{"line":14,"column":44},"end":{"line":14,"column":47}},"12":{"start":{"line":15,"column":4},"end":{"line":15,"column":66}},"13":{"start":{"line":19,"column":17},"end":{"line":19,"column":53}},"14":{"start":{"line":20,"column":4},"end":{"line":24,"column":5}},"15":{"start":{"line":21,"column":8},"end":{"line":21,"column":66}},"16":{"start":{"line":22,"column":8},"end":{"line":22,"column":40}},"17":{"start":{"line":23,"column":8},"end":{"line":23,"column":15}},"18":{"start":{"line":26,"column":4},"end":{"line":30,"column":5}},"19":{"start":{"line":27,"column":8},"end":{"line":27,"column":64}},"20":{"start":{"line":28,"column":8},"end":{"line":28,"column":40}},"21":{"start":{"line":29,"column":8},"end":{"line":29,"column":15}},"22":{"start":{"line":33,"column":23},"end":{"line":33,"column":71}},"23":{"start":{"line":34,"column":4},"end":{"line":45,"column":5}},"24":{"start":{"line":35,"column":8},"end":{"line":35,"column":106}},"25":{"start":{"line":44,"column":8},"end":{"line":44,"column":15}},"26":{"start":{"line":48,"column":26},"end":{"line":59,"column":13}},"27":{"start":{"line":49,"column":8},"end":{"line":58,"column":9}},"28":{"start":{"line":50,"column":28},"end":{"line":50,"column":74}},"29":{"start":{"line":51,"column":12},"end":{"line":55,"column":13}},"30":{"start":{"line":52,"column":16},"end":{"line":52,"column":89}},"31":{"start":{"line":53,"column":16},"end":{"line":53,"column":45}},"32":{"start":{"line":57,"column":12},"end":{"line":57,"column":53}},"33":{"start":{"line":61,"column":22},"end":{"line":61,"column":32}},"34":{"start":{"line":64,"column":4},"end":{"line":111,"column":5}},"35":{"start":{"line":65,"column":23},"end":{"line":65,"column":52}},"36":{"start":{"line":66,"column":27},"end":{"line":66,"column":37}},"37":{"start":{"line":69,"column":38},"end":{"line":69,"column":60}},"38":{"start":{"line":72,"column":8},"end":{"line":82,"column":11}},"39":{"start":{"line":85,"column":8},"end":{"line":85,"column":57}},"40":{"start":{"line":86,"column":8},"end":{"line":86,"column":49}},"41":{"start":{"line":88,"column":27},"end":{"line":88,"column":37}},"42":{"start":{"line":89,"column":8},"end":{"line":89,"column":52}},"43":{"start":{"line":92,"column":8},"end":{"line":102,"column":11}},"44":{"start":{"line":105,"column":28},"end":{"line":105,"column":105}},"45":{"start":{"line":106,"column":8},"end":{"line":106,"column":75}},"46":{"start":{"line":108,"column":8},"end":{"line":108,"column":37}},"47":{"start":{"line":110,"column":8},"end":{"line":110,"column":40}},"48":{"start":{"line":114,"column":20},"end":{"line":132,"column":1}},"49":{"start":{"line":115,"column":4},"end":{"line":115,"column":48}},"50":{"start":{"line":116,"column":4},"end":{"line":116,"column":22}},"51":{"start":{"line":117,"column":4},"end":{"line":117,"column":33}},"52":{"start":{"line":119,"column":4},"end":{"line":131,"column":5}},"53":{"start":{"line":120,"column":8},"end":{"line":130,"column":9}},"54":{"start":{"line":121,"column":24},"end":{"line":121,"column":59}},"55":{"start":{"line":122,"column":12},"end":{"line":126,"column":13}},"56":{"start":{"line":123,"column":16},"end":{"line":123,"column":39}},"57":{"start":{"line":128,"column":12},"end":{"line":128,"column":51}},"58":{"start":{"line":129,"column":12},"end":{"line":129,"column":56}},"59":{"start":{"line":129,"column":35},"end":{"line":129,"column":54}},"60":{"start":{"line":134,"column":0},"end":{"line":136,"column":1}},"61":{"start":{"line":135,"column":4},"end":{"line":135,"column":18}}},"fnMap":{"0":{"name":"(anonymous_0)","decl":{"start":{"line":13,"column":20},"end":{"line":13,"column":21}},"loc":{"start":{"line":13,"column":35},"end":{"line":112,"column":1}},"line":13},"1":{"name":"(anonymous_1)","decl":{"start":{"line":48,"column":38},"end":{"line":48,"column":39}},"loc":{"start":{"line":48,"column":50},"end":{"line":59,"column":5}},"line":48},"2":{"name":"(anonymous_2)","decl":{"start":{"line":114,"column":20},"end":{"line":114,"column":21}},"loc":{"start":{"line":114,"column":32},"end":{"line":132,"column":1}},"line":114},"3":{"name":"(anonymous_3)","decl":{"start":{"line":129,"column":30},"end":{"line":129,"column":31}},"loc":{"start":{"line":129,"column":35},"end":{"line":129,"column":54}},"line":129}},"branchMap":{"0":{"loc":{"start":{"line":20,"column":4},"end":{"line":24,"column":5}},"type":"if","locations":[{"start":{"line":20,"column":4},"end":{"line":24,"column":5}},{"start":{},"end":{}}],"line":20},"1":{"loc":{"start":{"line":26,"column":4},"end":{"line":30,"column":5}},"type":"if","locations":[{"start":{"line":26,"column":4},"end":{"line":30,"column":5}},{"start":{},"end":{}}],"line":26},"2":{"loc":{"start":{"line":34,"column":4},"end":{"line":45,"column":5}},"type":"if","locations":[{"start":{"line":34,"column":4},"end":{"line":45,"column":5}},{"start":{},"end":{}}],"line":34},"3":{"loc":{"start":{"line":51,"column":12},"end":{"line":55,"column":13}},"type":"if","locations":[{"start":{"line":51,"column":12},"end":{"line":55,"column":13}},{"start":{},"end":{}}],"line":51},"4":{"loc":{"start":{"line":74,"column":21},"end":{"line":74,"column":38}},"type":"binary-expr","locations":[{"start":{"line":74,"column":21},"end":{"line":74,"column":33}},{"start":{"line":74,"column":37},"end":{"line":74,"column":38}}],"line":74},"5":{"loc":{"start":{"line":94,"column":21},"end":{"line":94,"column":38}},"type":"binary-expr","locations":[{"start":{"line":94,"column":21},"end":{"line":94,"column":33}},{"start":{"line":94,"column":37},"end":{"line":94,"column":38}}],"line":94},"6":{"loc":{"start":{"line":105,"column":78},"end":{"line":105,"column":95}},"type":"binary-expr","locations":[{"start":{"line":105,"column":78},"end":{"line":105,"column":90}},{"start":{"line":105,"column":94},"end":{"line":105,"column":95}}],"line":105},"7":{"loc":{"start":{"line":122,"column":12},"end":{"line":126,"column":13}},"type":"if","locations":[{"start":{"line":122,"column":12},"end":{"line":126,"column":13}},{"start":{"line":124,"column":19},"end":{"line":126,"column":13}}],"line":122},"8":{"loc":{"start":{"line":134,"column":0},"end":{"line":136,"column":1}},"type":"if","locations":[{"start":{"line":134,"column":0},"end":{"line":136,"column":1}},{"start":{},"end":{}}],"line":134}},"s":{"0":0,"1":0,"2":0,"3":0,"4":0,"5":0,"6":0,"7":0,"8":0,"9":0,"10":0,"11":0,"12":0,"13":0,"14":0,"15":0,"16":0,"17":0,"18":0,"19":0,"20":0,"21":0,"22":0,"23":0,"24":0,"25":0,"26":0,"27":0,"28":0,"29":0,"30":0,"31":0,"32":0,"33":0,"34":0,"35":0,"36":0,"37":0,"38":0,"39":0,"40":0,"41":0,"42":0,"43":0,"44":0,"45":0,"46":0,"47":0,"48":0,"49":0,"50":0,"51":0,"52":0,"53":0,"54":0,"55":0,"56":0,"57":0,"58":0,"59":0,"60":0,"61":0},"f":{"0":0,"1":0,"2":0,"3":0},"b":{"0":[0,0],"1":[0,0],"2":[0,0],"3":[0,0],"4":[0,0],"5":[0,0],"6":[0,0],"7":[0,0],"8":[0,0]}}
,"/Users/hwaiting_dk/Repos/distributed-task-scheduler/Server/worker/executor/task-executor.js": {"path":"/Users/hwaiting_dk/Repos/distributed-task-scheduler/Server/worker/executor/task-executor.js","statementMap":{"0":{"start":{"line":1,"column":15},"end":{"line":1,"column":45}},"1":{"start":{"line":2,"column":14},"end":{"line":2,"column":30}},"2":{"start":{"line":3,"column":18},"end":{"line":3,"column":42}},"3":{"start":{"line":8,"column":24},"end":{"line":31,"column":1}},"4":{"start":{"line":9,"column":75},"end":{"line":9,"column":82}},"5":{"start":{"line":11,"column":4},"end":{"line":11,"column":51}},"6":{"start":{"line":13,"column":4},"end":{"line":30,"column":5}},"7":{"start":{"line":14,"column":25},"end":{"line":20,"column":10}},"8":{"start":{"line":22,"column":8},"end":{"line":26,"column":10}},"9":{"start":{"line":28,"column":8},"end":{"line":28,"column":59}},"10":{"start":{"line":29,"column":8},"end":{"line":29,"column":74}},"11":{"start":{"line":37,"column":25},"end":{"line":79,"column":1}},"12":{"start":{"line":38,"column":44},"end":{"line":38,"column":51}},"13":{"start":{"line":40,"column":4},"end":{"line":40,"column":55}},"14":{"start":{"line":42,"column":4},"end":{"line":78,"column":7}},"15":{"start":{"line":43,"column":22},"end":{"line":43,"column":50}},"16":{"start":{"line":44,"column":21},"end":{"line":44,"column":23}},"17":{"start":{"line":45,"column":21},"end":{"line":45,"column":23}},"18":{"start":{"line":46,"column":23},"end":{"line":46,"column":28}},"19":{"start":{"line":48,"column":24},"end":{"line":52,"column":22}},"20":{"start":{"line":49,"column":12},"end":{"line":49,"column":28}},"21":{"start":{"line":50,"column":12},"end":{"line":50,"column":34}},"22":{"start":{"line":51,"column":12},"end":{"line":51,"column":79}},"23":{"start":{"line":54,"column":8},"end":{"line":56,"column":11}},"24":{"start":{"line":55,"column":12},"end":{"line":55,"column":38}},"25":{"start":{"line":58,"column":8},"end":{"line":60,"column":11}},"26":{"start":{"line":59,"column":12},"end":{"line":59,"column":38}},"27":{"start":{"line":62,"column":8},"end":{"line":72,"column":11}},"28":{"start":{"line":63,"column":12},"end":{"line":63,"column":34}},"29":{"start":{"line":65,"column":12},"end":{"line":65,"column":33}},"30":{"start":{"line":65,"column":26},"end":{"line":65,"column":33}},"31":{"start":{"line":67,"column":12},"end":{"line":71,"column":13}},"32":{"start":{"line":68,"column":16},"end":{"line":68,"column":63}},"33":{"start":{"line":70,"column":16},"end":{"line":70,"column":87}},"34":{"start":{"line":74,"column":8},"end":{"line":77,"column":11}},"35":{"start":{"line":75,"column":12},"end":{"line":75,"column":34}},"36":{"start":{"line":76,"column":12},"end":{"line":76,"column":71}},"37":{"start":{"line":85,"column":25},"end":{"line":98,"column":1}},"38":{"start":{"line":86,"column":57},"end":{"line":86,"column":64}},"39":{"start":{"line":88,"column":4},"end":{"line":88,"column":97}},"40":{"start":{"line":90,"column":4},"end":{"line":90,"column":67}},"41":{"start":{"line":90,"column":33},"end":{"line":90,"column":65}},"42":{"start":{"line":93,"column":4},"end":{"line":95,"column":5}},"43":{"start":{"line":94,"column":8},"end":{"line":94,"column":80}},"44":{"start":{"line":97,"column":4},"end":{"line":97,"column":56}},"45":{"start":{"line":103,"column":20},"end":{"line":137,"column":1}},"46":{"start":{"line":104,"column":4},"end":{"line":104,"column":66}},"47":{"start":{"line":106,"column":4},"end":{"line":136,"column":5}},"48":{"start":{"line":109,"column":8},"end":{"line":128,"column":9}},"49":{"start":{"line":111,"column":16},"end":{"line":111,"column":61}},"50":{"start":{"line":112,"column":16},"end":{"line":112,"column":22}},"51":{"start":{"line":115,"column":16},"end":{"line":115,"column":62}},"52":{"start":{"line":116,"column":16},"end":{"line":116,"column":22}},"53":{"start":{"line":120,"column":16},"end":{"line":120,"column":62}},"54":{"start":{"line":121,"column":16},"end":{"line":121,"column":22}},"55":{"start":{"line":124,"column":16},"end":{"line":124,"column":53}},"56":{"start":{"line":127,"column":16},"end":{"line":127,"column":67}},"57":{"start":{"line":130,"column":8},"end":{"line":130,"column":62}},"58":{"start":{"line":131,"column":8},"end":{"line":131,"column":22}},"59":{"start":{"line":134,"column":8},"end":{"line":134,"column":65}},"60":{"start":{"line":135,"column":8},"end":{"line":135,"column":20}},"61":{"start":{"line":139,"column":0},"end":{"line":141,"column":2}}},"fnMap":{"0":{"name":"(anonymous_0)","decl":{"start":{"line":8,"column":24},"end":{"line":8,"column":25}},"loc":{"start":{"line":8,"column":43},"end":{"line":31,"column":1}},"line":8},"1":{"name":"(anonymous_1)","decl":{"start":{"line":37,"column":25},"end":{"line":37,"column":26}},"loc":{"start":{"line":37,"column":44},"end":{"line":79,"column":1}},"line":37},"2":{"name":"(anonymous_2)","decl":{"start":{"line":42,"column":23},"end":{"line":42,"column":24}},"loc":{"start":{"line":42,"column":44},"end":{"line":78,"column":5}},"line":42},"3":{"name":"(anonymous_3)","decl":{"start":{"line":48,"column":35},"end":{"line":48,"column":36}},"loc":{"start":{"line":48,"column":41},"end":{"line":52,"column":9}},"line":48},"4":{"name":"(anonymous_4)","decl":{"start":{"line":54,"column":32},"end":{"line":54,"column":33}},"loc":{"start":{"line":54,"column":42},"end":{"line":56,"column":9}},"line":54},"5":{"name":"(anonymous_5)","decl":{"start":{"line":58,"column":32},"end":{"line":58,"column":33}},"loc":{"start":{"line":58,"column":42},"end":{"line":60,"column":9}},"line":58},"6":{"name":"(anonymous_6)","decl":{"start":{"line":62,"column":26},"end":{"line":62,"column":27}},"loc":{"start":{"line":62,"column":36},"end":{"line":72,"column":9}},"line":62},"7":{"name":"(anonymous_7)","decl":{"start":{"line":74,"column":26},"end":{"line":74,"column":27}},"loc":{"start":{"line":74,"column":37},"end":{"line":77,"column":9}},"line":74},"8":{"name":"(anonymous_8)","decl":{"start":{"line":85,"column":25},"end":{"line":85,"column":26}},"loc":{"start":{"line":85,"column":44},"end":{"line":98,"column":1}},"line":85},"9":{"name":"(anonymous_9)","decl":{"start":{"line":90,"column":22},"end":{"line":90,"column":23}},"loc":{"start":{"line":90,"column":33},"end":{"line":90,"column":65}},"line":90},"10":{"name":"(anonymous_10)","decl":{"start":{"line":103,"column":20},"end":{"line":103,"column":21}},"loc":{"start":{"line":103,"column":36},"end":{"line":137,"column":1}},"line":103}},"branchMap":{"0":{"loc":{"start":{"line":9,"column":12},"end":{"line":9,"column":26}},"type":"default-arg","locations":[{"start":{"line":9,"column":21},"end":{"line":9,"column":26}}],"line":9},"1":{"loc":{"start":{"line":9,"column":33},"end":{"line":9,"column":45}},"type":"default-arg","locations":[{"start":{"line":9,"column":43},"end":{"line":9,"column":45}}],"line":9},"2":{"loc":{"start":{"line":9,"column":53},"end":{"line":9,"column":70}},"type":"default-arg","locations":[{"start":{"line":9,"column":66},"end":{"line":9,"column":70}}],"line":9},"3":{"loc":{"start":{"line":38,"column":21},"end":{"line":38,"column":39}},"type":"default-arg","locations":[{"start":{"line":38,"column":34},"end":{"line":38,"column":39}}],"line":38},"4":{"loc":{"start":{"line":65,"column":12},"end":{"line":65,"column":33}},"type":"if","locations":[{"start":{"line":65,"column":12},"end":{"line":65,"column":33}},{"start":{},"end":{}}],"line":65},"5":{"loc":{"start":{"line":67,"column":12},"end":{"line":71,"column":13}},"type":"if","locations":[{"start":{"line":67,"column":12},"end":{"line":71,"column":13}},{"start":{"line":69,"column":19},"end":{"line":71,"column":13}}],"line":67},"6":{"loc":{"start":{"line":86,"column":12},"end":{"line":86,"column":30}},"type":"default-arg","locations":[{"start":{"line":86,"column":26},"end":{"line":86,"column":30}}],"line":86},"7":{"loc":{"start":{"line":86,"column":32},"end":{"line":86,"column":52}},"type":"default-arg","locations":[{"start":{"line":86,"column":51},"end":{"line":86,"column":52}}],"line":86},"8":{"loc":{"start":{"line":93,"column":4},"end":{"line":95,"column":5}},"type":"if","locations":[{"start":{"line":93,"column":4},"end":{"line":95,"column":5}},{"start":{},"end":{}}],"line":93},"9":{"loc":{"start":{"line":109,"column":8},"end":{"line":128,"column":9}},"type":"switch","locations":[{"start":{"line":110,"column":12},"end":{"line":112,"column":22}},{"start":{"line":114,"column":12},"end":{"line":116,"column":22}},{"start":{"line":118,"column":12},"end":{"line":118,"column":25}},{"start":{"line":119,"column":12},"end":{"line":121,"column":22}},{"start":{"line":123,"column":12},"end":{"line":124,"column":53}},{"start":{"line":126,"column":12},"end":{"line":127,"column":67}}],"line":109}},"s":{"0":0,"1":0,"2":0,"3":0,"4":0,"5":0,"6":0,"7":0,"8":0,"9":0,"10":0,"11":0,"12":0,"13":0,"14":0,"15":0,"16":0,"17":0,"18":0,"19":0,"20":0,"21":0,"22":0,"23":0,"24":0,"25":0,"26":0,"27":0,"28":0,"29":0,"30":0,"31":0,"32":0,"33":0,"34":0,"35":0,"36":0,"37":0,"38":0,"39":0,"40":0,"41":0,"42":0,"43":0,"44":0,"45":0,"46":0,"47":0,"48":0,"49":0,"50":0,"51":0,"52":0,"53":0,"54":0,"55":0,"56":0,"57":0,"58":0,"59":0,"60":0,"61":0},"f":{"0":0,"1":0,"2":0,"3":0,"4":0,"5":0,"6":0,"7":0,"8":0,"9":0,"10":0},"b":{"0":[0],"1":[0],"2":[0],"3":[0],"4":[0,0],"5":[0,0],"6":[0],"7":[0],"8":[0,0],"9":[0,0,0,0,0,0]}}
,"/Users/hwaiting_dk/Repos/distributed-task-scheduler/Server/worker/heartbeat/heartbeat-sender.js": {"path":"/Users/hwaiting_dk/Repos/distributed-task-scheduler/Server/worker/heartbeat/heartbeat-sender.js","statementMap":{"0":{"start":{"line":1,"column":20},"end":{"line":1,"column":65}},"1":{"start":{"line":2,"column":15},"end":{"line":2,"column":45}},"2":{"start":{"line":6,"column":8},"end":{"line":6,"column":33}},"3":{"start":{"line":7,"column":8},"end":{"line":7,"column":37}},"4":{"start":{"line":8,"column":8},"end":{"line":8,"column":26}},"5":{"start":{"line":12,"column":8},"end":{"line":12,"column":21}},"6":{"start":{"line":13,"column":8},"end":{"line":13,"column":70}},"7":{"start":{"line":13,"column":39},"end":{"line":13,"column":51}},"8":{"start":{"line":14,"column":8},"end":{"line":14,"column":76}},"9":{"start":{"line":18,"column":8},"end":{"line":21,"column":9}},"10":{"start":{"line":19,"column":12},"end":{"line":19,"column":38}},"11":{"start":{"line":20,"column":12},"end":{"line":20,"column":30}},"12":{"start":{"line":25,"column":8},"end":{"line":29,"column":9}},"13":{"start":{"line":26,"column":12},"end":{"line":26,"column":61}},"14":{"start":{"line":28,"column":12},"end":{"line":28,"column":58}},"15":{"start":{"line":33,"column":0},"end":{"line":33,"column":33}}},"fnMap":{"0":{"name":"(anonymous_0)","decl":{"start":{"line":5,"column":4},"end":{"line":5,"column":5}},"loc":{"start":{"line":5,"column":45},"end":{"line":9,"column":5}},"line":5},"1":{"name":"(anonymous_1)","decl":{"start":{"line":11,"column":4},"end":{"line":11,"column":5}},"loc":{"start":{"line":11,"column":12},"end":{"line":15,"column":5}},"line":11},"2":{"name":"(anonymous_2)","decl":{"start":{"line":13,"column":33},"end":{"line":13,"column":34}},"loc":{"start":{"line":13,"column":39},"end":{"line":13,"column":51}},"line":13},"3":{"name":"(anonymous_3)","decl":{"start":{"line":17,"column":4},"end":{"line":17,"column":5}},"loc":{"start":{"line":17,"column":11},"end":{"line":22,"column":5}},"line":17},"4":{"name":"(anonymous_4)","decl":{"start":{"line":24,"column":4},"end":{"line":24,"column":5}},"loc":{"start":{"line":24,"column":18},"end":{"line":30,"column":5}},"line":24}},"branchMap":{"0":{"loc":{"start":{"line":5,"column":26},"end":{"line":5,"column":43}},"type":"default-arg","locations":[{"start":{"line":5,"column":39},"end":{"line":5,"column":43}}],"line":5},"1":{"loc":{"start":{"line":18,"column":8},"end":{"line":21,"column":9}},"type":"if","locations":[{"start":{"line":18,"column":8},"end":{"line":21,"column":9}},{"start":{},"end":{}}],"line":18}},"s":{"0":0,"1":0,"2":0,"3":0,"4":0,"5":0,"6":0,"7":0,"8":0,"9":0,"10":0,"11":0,"12":0,"13":0,"14":0,"15":0},"f":{"0":0,"1":0,"2":0,"3":0,"4":0},"b":{"0":[0],"1":[0,0]}}
}
